Log file open, 11/18/22 00:20:37
LogWindows: Failed to load 'aqProf.dll' (GetLastError=126)
LogWindows: File 'aqProf.dll' does not exist
LogWindows: Failed to load 'VtuneApi.dll' (GetLastError=126)
LogWindows: File 'VtuneApi.dll' does not exist
LogWindows: Failed to load 'VtuneApi32e.dll' (GetLastError=126)
LogWindows: File 'VtuneApi32e.dll' does not exist
LogConsoleResponse: Display: Failed to find resolution value strings in scalability ini. Falling back to default.
LogConsoleResponse: Display: Failed to find resolution value strings in scalability ini. Falling back to default.
LogInit: Display: Running engine for game: bunny
LogPlatformFile: Not using cached read wrapper
LogTaskGraph: Started task graph with 5 named threads and 35 total threads with 3 sets of task threads.
LogStats: Stats thread started at 0.203114
LogICUInternationalization: ICU TimeZone Detection - Raw Offset: +7:00, Platform Override: ''
LogInit: Display: Loading text-based GConfig....
LogPluginManager: Mounting plugin MeshPainting
LogPluginManager: Mounting plugin XGEController
LogPluginManager: Mounting plugin Paper2D
LogPluginManager: Mounting plugin AISupport
LogPluginManager: Mounting plugin LiveLink
LogPluginManager: Mounting plugin EnvironmentQueryEditor
LogPluginManager: Mounting plugin LightPropagationVolume
LogPluginManager: Mounting plugin CameraShakePreviewer
LogPluginManager: Mounting plugin OodleNetwork
LogPluginManager: Mounting plugin GameplayCameras
LogPluginManager: Mounting plugin OodleData
LogPluginManager: Mounting plugin AssetManagerEditor
LogPluginManager: Mounting plugin CurveEditorTools
LogPluginManager: Mounting plugin CryptoKeys
LogPluginManager: Mounting plugin DataValidation
LogPluginManager: Mounting plugin GeometryMode
LogPluginManager: Mounting plugin FacialAnimation
LogPluginManager: Mounting plugin GameplayTagsEditor
LogPluginManager: Mounting plugin MacGraphicsSwitching
LogPluginManager: Mounting plugin MaterialAnalyzer
LogPluginManager: Mounting plugin MobileLauncherProfileWizard
LogPluginManager: Mounting plugin PluginBrowser
LogPluginManager: Mounting plugin SpeedTreeImporter
LogPluginManager: Mounting plugin AnimationSharing
LogPluginManager: Mounting plugin CLionSourceCodeAccess
LogPluginManager: Mounting plugin CodeLiteSourceCodeAccess
LogPluginManager: Mounting plugin GitSourceControl
LogPluginManager: Mounting plugin KDevelopSourceCodeAccess
LogPluginManager: Mounting plugin PerforceSourceControl
LogPluginManager: Mounting plugin NullSourceCodeAccess
LogPluginManager: Mounting plugin PluginUtils
LogPluginManager: Mounting plugin PropertyAccessNode
LogPluginManager: Mounting plugin PixWinPlugin
LogPluginManager: Mounting plugin RiderSourceCodeAccess
LogPluginManager: Mounting plugin SubversionSourceControl
LogPluginManager: Mounting plugin TextureFormatOodle
LogPluginManager: Mounting plugin UObjectPlugin
LogPluginManager: Mounting plugin VisualStudioCodeSourceCodeAccess
LogPluginManager: Mounting plugin VisualStudioSourceCodeAccess
LogPluginManager: Mounting plugin XCodeSourceCodeAccess
LogPluginManager: Mounting plugin PlasticSourceControl
LogPluginManager: Mounting plugin Niagara
LogPluginManager: Mounting plugin AlembicImporter
LogPluginManager: Mounting plugin AutomationUtils
LogPluginManager: Mounting plugin BackChannel
LogPluginManager: Mounting plugin ChaosEditor
LogPluginManager: Mounting plugin ChaosClothEditor
LogPluginManager: Mounting plugin ChaosNiagara
LogPluginManager: Mounting plugin ChaosSolverPlugin
LogPluginManager: Mounting plugin ChaosCloth
LogPluginManager: Mounting plugin CharacterAI
LogPluginManager: Mounting plugin DatasmithContent
LogPluginManager: Mounting plugin VariantManagerContent
LogPluginManager: Mounting plugin AndroidMedia
LogPluginManager: Mounting plugin AvfMedia
LogPluginManager: Mounting plugin GeometryCache
LogPluginManager: Mounting plugin GeometryCollectionPlugin
LogPluginManager: Mounting plugin GeometryProcessing
LogPluginManager: Mounting plugin MotoSynth
LogPluginManager: Mounting plugin OpenImageDenoise
LogPluginManager: Mounting plugin PlanarCut
LogPluginManager: Mounting plugin LuminPlatformFeatures
LogPluginManager: Mounting plugin PlatformCrypto
LogPluginManager: Mounting plugin ProxyLODPlugin
LogPluginManager: Mounting plugin PythonScriptPlugin
LogPluginManager: Mounting plugin MagicLeap
LogPluginManager: Mounting plugin MagicLeapLightEstimation
LogPluginManager: Mounting plugin MagicLeapMedia
LogPluginManager: Mounting plugin MagicLeapPassableWorld
LogPluginManager: Mounting plugin ImgMedia
LogPluginManager: Mounting plugin MediaCompositing
LogPluginManager: Mounting plugin MLSDK
LogPluginManager: Mounting plugin MediaPlayerEditor
LogPluginManager: Mounting plugin WebMMedia
LogPluginManager: Mounting plugin WmfMedia
LogPluginManager: Mounting plugin SkeletalReduction
LogPluginManager: Mounting plugin TcpMessaging
LogPluginManager: Mounting plugin UdpMessaging
LogPluginManager: Mounting plugin ActorSequence
LogPluginManager: Mounting plugin LevelSequenceEditor
LogPluginManager: Mounting plugin MatineeToLevelSequence
LogPluginManager: Mounting plugin OnlineSubsystem
LogPluginManager: Mounting plugin TemplateSequence
LogPluginManager: Mounting plugin OnlineSubsystemNull
LogPluginManager: Mounting plugin OnlineSubsystemUtils
LogPluginManager: Mounting plugin LauncherChunkInstaller
LogPluginManager: Mounting plugin ActorLayerUtilities
LogPluginManager: Mounting plugin AndroidDeviceProfileSelector
LogPluginManager: Mounting plugin AndroidMoviePlayer
LogPluginManager: Mounting plugin AndroidPermission
LogPluginManager: Mounting plugin AppleImageUtils
LogPluginManager: Mounting plugin ArchVisCharacter
LogPluginManager: Mounting plugin AssetTags
LogPluginManager: Mounting plugin AppleMoviePlayer
LogPluginManager: Mounting plugin AudioCapture
LogPluginManager: Mounting plugin ChunkDownloader
LogPluginManager: Mounting plugin CableComponent
LogPluginManager: Mounting plugin AudioSynesthesia
LogPluginManager: Mounting plugin CustomMeshComponent
LogPluginManager: Mounting plugin EditableMesh
LogPluginManager: Mounting plugin ExampleDeviceProfileSelector
LogPluginManager: Mounting plugin GoogleCloudMessaging
LogPluginManager: Mounting plugin GooglePAD
LogPluginManager: Mounting plugin ScreenshotTools
LogPluginManager: Mounting plugin IOSDeviceProfileSelector
LogPluginManager: Mounting plugin LinuxDeviceProfileSelector
LogPluginManager: Mounting plugin LocationServicesBPLibrary
LogPluginManager: Mounting plugin MobilePatchingUtils
LogPluginManager: Mounting plugin OpenXR
LogPluginManager: Mounting plugin OpenXREyeTracker
LogPluginManager: Mounting plugin Takes
LogPluginManager: Mounting plugin OpenXRHandTracking
LogPluginManager: Mounting plugin PhysXVehicles
LogPluginManager: Mounting plugin PostSplashScreen
LogPluginManager: Mounting plugin ProceduralMeshComponent
LogPluginManager: Mounting plugin PropertyAccessEditor
LogPluginManager: Mounting plugin RuntimePhysXCooking
LogPluginManager: Mounting plugin SignificanceManager
LogPluginManager: Mounting plugin SoundFields
LogPluginManager: Mounting plugin Synthesis
LogPluginManager: Mounting plugin WebMMoviePlayer
LogPluginManager: Mounting plugin WindowsMoviePlayer
LogPluginManager: Mounting plugin ContentBrowserFileDataSource
LogPluginManager: Mounting plugin ContentBrowserAssetDataSource
LogPluginManager: Mounting plugin ContentBrowserClassDataSource
LogPluginManager: Mounting plugin OnlineSubsystemGooglePlay
LogPluginManager: Mounting plugin OnlineSubsystemIOS
LogPluginManager: Mounting plugin OculusVR
LogPluginManager: Mounting plugin SteamVR
PixWinPlugin: PIX capture plugin failed to initialize! Check that the process is launched from PIX.
LogInit: Using libcurl 7.55.1-DEV
LogInit:  - built for x86_64-pc-win32
LogInit:  - supports SSL with OpenSSL/1.1.1
LogInit:  - supports HTTP deflate (compression) using libz 1.2.8
LogInit:  - other features:
LogInit:      CURL_VERSION_SSL
LogInit:      CURL_VERSION_LIBZ
LogInit:      CURL_VERSION_IPV6
LogInit:      CURL_VERSION_ASYNCHDNS
LogInit:      CURL_VERSION_LARGEFILE
LogInit:      CURL_VERSION_IDN
LogInit:  CurlRequestOptions (configurable via config and command line):
LogInit:  - bVerifyPeer = true  - Libcurl will verify peer certificate
LogInit:  - bUseHttpProxy = false  - Libcurl will NOT use HTTP proxy
LogInit:  - bDontReuseConnections = false  - Libcurl will reuse connections
LogInit:  - MaxHostConnections = 16  - Libcurl will limit the number of connections to a host
LogInit:  - LocalHostAddr = Default
LogInit:  - BufferSize = 65536
LogOnline: OSS: Creating online subsystem instance for: NULL
LogInit: WinSock: version 1.1 (2.2), MaxSocks=32767, MaxUdp=65467
LogOnline: OSS: TryLoadSubsystemAndSetDefault: Loaded subsystem for module [NULL]
LogOculusPluginWrapper: OculusPlugin initialized successfully
LogHMD: Failed initializing OVRPlugin 1.59.0
LogInit: Build: ++UE4+Release-4.27-CL-18319896
LogInit: Engine Version: 4.27.2-18319896+++UE4+Release-4.27
LogInit: Compatible Engine Version: 4.27.0-17155196+++UE4+Release-4.27
LogInit: Net CL: 17155196
LogInit: OS: Windows 10 (Release 2009) (), CPU: Intel(R) Core(TM) i7-10750H CPU @ 2.60GHz, GPU: Intel(R) UHD Graphics
LogInit: Compiled (64-bit): Nov 30 2021 07:12:08
LogInit: Compiled with Visual C++: 19.24.28315.00
LogInit: Build Configuration: Development
LogInit: Branch Name: ++UE4+Release-4.27
LogInit: Command Line: 
LogInit: Base Directory: C:/UE_4.27/Engine/Binaries/Win64/
LogInit: Allocator: TBB
LogInit: Installed Engine Build: 1
LogDevObjectVersion: Number of dev versions registered: 29
LogDevObjectVersion:   Dev-Blueprints (B0D832E4-1F89-4F0D-ACCF-7EB736FD4AA2): 10
LogDevObjectVersion:   Dev-Build (E1C64328-A22C-4D53-A36C-8E866417BD8C): 0
LogDevObjectVersion:   Dev-Core (375EC13C-06E4-48FB-B500-84F0262A717E): 4
LogDevObjectVersion:   Dev-Editor (E4B068ED-F494-42E9-A231-DA0B2E46BB41): 40
LogDevObjectVersion:   Dev-Framework (CFFC743F-43B0-4480-9391-14DF171D2073): 37
LogDevObjectVersion:   Dev-Mobile (B02B49B5-BB20-44E9-A304-32B752E40360): 3
LogDevObjectVersion:   Dev-Networking (A4E4105C-59A1-49B5-A7C5-40C4547EDFEE): 0
LogDevObjectVersion:   Dev-Online (39C831C9-5AE6-47DC-9A44-9C173E1C8E7C): 0
LogDevObjectVersion:   Dev-Physics (78F01B33-EBEA-4F98-B9B4-84EACCB95AA2): 14
LogDevObjectVersion:   Dev-Platform (6631380F-2D4D-43E0-8009-CF276956A95A): 0
LogDevObjectVersion:   Dev-Rendering (12F88B9F-8875-4AFC-A67C-D90C383ABD29): 45
LogDevObjectVersion:   Dev-Sequencer (7B5AE74C-D270-4C10-A958-57980B212A5A): 13
LogDevObjectVersion:   Dev-VR (D7296918-1DD6-4BDD-9DE2-64A83CC13884): 3
LogDevObjectVersion:   Dev-LoadTimes (C2A15278-BFE7-4AFE-6C17-90FF531DF755): 1
LogDevObjectVersion:   Private-Geometry (6EACA3D4-40EC-4CC1-B786-8BED09428FC5): 3
LogDevObjectVersion:   Dev-AnimPhys (29E575DD-E0A3-4627-9D10-D276232CDCEA): 17
LogDevObjectVersion:   Dev-Anim (AF43A65D-7FD3-4947-9873-3E8ED9C1BB05): 15
LogDevObjectVersion:   Dev-ReflectionCapture (6B266CEC-1EC7-4B8F-A30B-E4D90942FC07): 1
LogDevObjectVersion:   Dev-Automation (0DF73D61-A23F-47EA-B727-89E90C41499A): 1
LogDevObjectVersion:   FortniteMain (601D1886-AC64-4F84-AA16-D3DE0DEAC7D6): 47
LogDevObjectVersion:   FortniteRelease (E7086368-6B23-4C58-8439-1B7016265E91): 1
LogDevObjectVersion:   Dev-Enterprise (9DFFBCD6-494F-0158-E221-12823C92A888): 10
LogDevObjectVersion:   Dev-Niagara (F2AED0AC-9AFE-416F-8664-AA7FFA26D6FC): 1
LogDevObjectVersion:   Dev-Destruction (174F1F0B-B4C6-45A5-B13F-2EE8D0FB917D): 10
LogDevObjectVersion:   Dev-Physics-Ext (35F94A83-E258-406C-A318-09F59610247C): 41
LogDevObjectVersion:   Dev-PhysicsMaterial-Chaos (B68FC16E-8B1B-42E2-B453-215C058844FE): 1
LogDevObjectVersion:   Dev-CineCamera (B2E18506-4273-CFC2-A54E-F4BB758BBA07): 1
LogDevObjectVersion:   Dev-VirtualProduction (64F58936-FD1B-42BA-BA96-7289D5D0FA4E): 1
LogDevObjectVersion:   Dev-MediaFramework (6F0ED827-A609-4895-9C91-998D90180EA4): 2
LogInit: Presizing for max 25165824 objects, including 0 objects not considered by GC, pre-allocating 0 bytes for permanent pool.
LogConfig: Applying CVar settings from Section [/Script/Engine.StreamingSettings] File [D:/gamebuuny/Saved/Config/Windows/Engine.ini]
LogConfig: Setting CVar [[s.MinBulkDataSizeForAsyncLoading:131072]]
LogConfig: Setting CVar [[s.AsyncLoadingThreadEnabled:0]]
LogConfig: Setting CVar [[s.EventDrivenLoaderEnabled:1]]
LogConfig: Setting CVar [[s.WarnIfTimeLimitExceeded:0]]
LogConfig: Setting CVar [[s.TimeLimitExceededMultiplier:1.5]]
LogConfig: Setting CVar [[s.TimeLimitExceededMinTime:0.005]]
LogConfig: Setting CVar [[s.UseBackgroundLevelStreaming:1]]
LogConfig: Setting CVar [[s.PriorityAsyncLoadingExtraTime:15.0]]
LogConfig: Setting CVar [[s.LevelStreamingActorsUpdateTimeLimit:5.0]]
LogConfig: Setting CVar [[s.PriorityLevelStreamingActorsUpdateExtraTime:5.0]]
LogConfig: Setting CVar [[s.LevelStreamingComponentsRegistrationGranularity:10]]
LogConfig: Setting CVar [[s.UnregisterComponentsTimeLimit:1.0]]
LogConfig: Setting CVar [[s.LevelStreamingComponentsUnregistrationGranularity:5]]
LogConfig: Setting CVar [[s.FlushStreamingOnExit:1]]
LogInit: Object subsystem initialized
LogConfig: Setting CVar [[con.DebugEarlyDefault:1]]
LogConfig: Setting CVar [[r.setres:1280x720]]
[2022.11.17-17.20.38:092][  0]LogConfig: Setting CVar [[r.VSync:0]]
[2022.11.17-17.20.38:092][  0]LogConfig: Setting CVar [[r.RHICmdBypass:0]]
[2022.11.17-17.20.38:092][  0]LogConfig: Applying CVar settings from Section [/Script/Engine.RendererSettings] File [D:/gamebuuny/Saved/Config/Windows/Engine.ini]
[2022.11.17-17.20.38:092][  0]LogConfig: Setting CVar [[r.GPUCrashDebugging:0]]
[2022.11.17-17.20.38:092][  0]LogConfig: Applying CVar settings from Section [/Script/Engine.RendererOverrideSettings] File [D:/gamebuuny/Saved/Config/Windows/Engine.ini]
[2022.11.17-17.20.38:092][  0]LogConfig: Applying CVar settings from Section [/Script/Engine.StreamingSettings] File [D:/gamebuuny/Saved/Config/Windows/Engine.ini]
[2022.11.17-17.20.38:092][  0]LogConfig: Setting CVar [[s.MinBulkDataSizeForAsyncLoading:131072]]
[2022.11.17-17.20.38:092][  0]LogConfig: Setting CVar [[s.AsyncLoadingThreadEnabled:0]]
[2022.11.17-17.20.38:092][  0]LogConfig: Setting CVar [[s.EventDrivenLoaderEnabled:1]]
[2022.11.17-17.20.38:092][  0]LogConfig: Setting CVar [[s.WarnIfTimeLimitExceeded:0]]
[2022.11.17-17.20.38:092][  0]LogConfig: Setting CVar [[s.TimeLimitExceededMultiplier:1.5]]
[2022.11.17-17.20.38:092][  0]LogConfig: Setting CVar [[s.TimeLimitExceededMinTime:0.005]]
[2022.11.17-17.20.38:092][  0]LogConfig: Setting CVar [[s.UseBackgroundLevelStreaming:1]]
[2022.11.17-17.20.38:092][  0]LogConfig: Setting CVar [[s.PriorityAsyncLoadingExtraTime:15.0]]
[2022.11.17-17.20.38:092][  0]LogConfig: Setting CVar [[s.LevelStreamingActorsUpdateTimeLimit:5.0]]
[2022.11.17-17.20.38:092][  0]LogConfig: Setting CVar [[s.PriorityLevelStreamingActorsUpdateExtraTime:5.0]]
[2022.11.17-17.20.38:092][  0]LogConfig: Setting CVar [[s.LevelStreamingComponentsRegistrationGranularity:10]]
[2022.11.17-17.20.38:092][  0]LogConfig: Setting CVar [[s.UnregisterComponentsTimeLimit:1.0]]
[2022.11.17-17.20.38:092][  0]LogConfig: Setting CVar [[s.LevelStreamingComponentsUnregistrationGranularity:5]]
[2022.11.17-17.20.38:092][  0]LogConfig: Setting CVar [[s.FlushStreamingOnExit:1]]
[2022.11.17-17.20.38:092][  0]LogConfig: Applying CVar settings from Section [/Script/Engine.GarbageCollectionSettings] File [D:/gamebuuny/Saved/Config/Windows/Engine.ini]
[2022.11.17-17.20.38:092][  0]LogConfig: Setting CVar [[gc.MaxObjectsNotConsideredByGC:1]]
[2022.11.17-17.20.38:092][  0]LogConfig: Setting CVar [[gc.SizeOfPermanentObjectPool:0]]
[2022.11.17-17.20.38:092][  0]LogConfig: Setting CVar [[gc.FlushStreamingOnGC:0]]
[2022.11.17-17.20.38:092][  0]LogConfig: Setting CVar [[gc.NumRetriesBeforeForcingGC:10]]
[2022.11.17-17.20.38:092][  0]LogConfig: Setting CVar [[gc.AllowParallelGC:1]]
[2022.11.17-17.20.38:092][  0]LogConfig: Setting CVar [[gc.TimeBetweenPurgingPendingKillObjects:61.1]]
[2022.11.17-17.20.38:092][  0]LogConfig: Setting CVar [[gc.MaxObjectsInEditor:25165824]]
[2022.11.17-17.20.38:092][  0]LogConfig: Setting CVar [[gc.IncrementalBeginDestroyEnabled:1]]
[2022.11.17-17.20.38:092][  0]LogConfig: Setting CVar [[gc.CreateGCClusters:1]]
[2022.11.17-17.20.38:092][  0]LogConfig: Setting CVar [[gc.MinGCClusterSize:5]]
[2022.11.17-17.20.38:092][  0]LogConfig: Setting CVar [[gc.ActorClusteringEnabled:0]]
[2022.11.17-17.20.38:092][  0]LogConfig: Setting CVar [[gc.BlueprintClusteringEnabled:0]]
[2022.11.17-17.20.38:092][  0]LogConfig: Setting CVar [[gc.UseDisregardForGCOnDedicatedServers:0]]
[2022.11.17-17.20.38:092][  0]LogConfig: Setting CVar [[gc.MultithreadedDestructionEnabled:1]]
[2022.11.17-17.20.38:092][  0]LogConfig: Applying CVar settings from Section [/Script/Engine.NetworkSettings] File [D:/gamebuuny/Saved/Config/Windows/Engine.ini]
[2022.11.17-17.20.38:092][  0]LogConfig: Applying CVar settings from Section [/Script/UnrealEd.CookerSettings] File [D:/gamebuuny/Saved/Config/Windows/Engine.ini]
[2022.11.17-17.20.38:114][  0]LogConfig: Applying CVar settings from Section [ViewDistanceQuality@3] File [D:/gamebuuny/Saved/Config/Windows/Scalability.ini]
[2022.11.17-17.20.38:115][  0]LogConfig: Setting CVar [[r.SkeletalMeshLODBias:0]]
[2022.11.17-17.20.38:115][  0]LogConfig: Setting CVar [[r.ViewDistanceScale:1.0]]
[2022.11.17-17.20.38:115][  0]LogConfig: Applying CVar settings from Section [AntiAliasingQuality@3] File [D:/gamebuuny/Saved/Config/Windows/Scalability.ini]
[2022.11.17-17.20.38:115][  0]LogConfig: Setting CVar [[r.PostProcessAAQuality:4]]
[2022.11.17-17.20.38:115][  0]LogConfig: Applying CVar settings from Section [ShadowQuality@3] File [D:/gamebuuny/Saved/Config/Windows/Scalability.ini]
[2022.11.17-17.20.38:115][  0]LogConfig: Setting CVar [[r.LightFunctionQuality:1]]
[2022.11.17-17.20.38:115][  0]LogConfig: Setting CVar [[r.ShadowQuality:5]]
[2022.11.17-17.20.38:115][  0]LogConfig: Setting CVar [[r.Shadow.CSM.MaxCascades:10]]
[2022.11.17-17.20.38:115][  0]LogConfig: Setting CVar [[r.Shadow.MaxResolution:2048]]
[2022.11.17-17.20.38:115][  0]LogConfig: Setting CVar [[r.Shadow.MaxCSMResolution:2048]]
[2022.11.17-17.20.38:115][  0]LogConfig: Setting CVar [[r.Shadow.RadiusThreshold:0.01]]
[2022.11.17-17.20.38:115][  0]LogConfig: Setting CVar [[r.Shadow.DistanceScale:1.0]]
[2022.11.17-17.20.38:115][  0]LogConfig: Setting CVar [[r.Shadow.CSM.TransitionScale:1.0]]
[2022.11.17-17.20.38:115][  0]LogConfig: Setting CVar [[r.Shadow.PreShadowResolutionFactor:1.0]]
[2022.11.17-17.20.38:115][  0]LogConfig: Setting CVar [[r.DistanceFieldShadowing:1]]
[2022.11.17-17.20.38:115][  0]LogConfig: Setting CVar [[r.DistanceFieldAO:1]]
[2022.11.17-17.20.38:115][  0]LogConfig: Setting CVar [[r.AOQuality:2]]
[2022.11.17-17.20.38:115][  0]LogConfig: Setting CVar [[r.VolumetricFog:1]]
[2022.11.17-17.20.38:115][  0]LogConfig: Setting CVar [[r.VolumetricFog.GridPixelSize:8]]
[2022.11.17-17.20.38:115][  0]LogConfig: Setting CVar [[r.VolumetricFog.GridSizeZ:128]]
[2022.11.17-17.20.38:115][  0]LogConfig: Setting CVar [[r.VolumetricFog.HistoryMissSupersampleCount:4]]
[2022.11.17-17.20.38:115][  0]LogConfig: Setting CVar [[r.LightMaxDrawDistanceScale:1]]
[2022.11.17-17.20.38:115][  0]LogConfig: Setting CVar [[r.CapsuleShadows:1]]
[2022.11.17-17.20.38:115][  0]LogConfig: Applying CVar settings from Section [PostProcessQuality@3] File [D:/gamebuuny/Saved/Config/Windows/Scalability.ini]
[2022.11.17-17.20.38:115][  0]LogConfig: Setting CVar [[r.MotionBlurQuality:4]]
[2022.11.17-17.20.38:115][  0]LogConfig: Setting CVar [[r.AmbientOcclusionMipLevelFactor:0.4]]
[2022.11.17-17.20.38:115][  0]LogConfig: Setting CVar [[r.AmbientOcclusionMaxQuality:100]]
[2022.11.17-17.20.38:115][  0]LogConfig: Setting CVar [[r.AmbientOcclusionLevels:-1]]
[2022.11.17-17.20.38:115][  0]LogConfig: Setting CVar [[r.AmbientOcclusionRadiusScale:1.0]]
[2022.11.17-17.20.38:115][  0]LogConfig: Setting CVar [[r.DepthOfFieldQuality:2]]
[2022.11.17-17.20.38:115][  0]LogConfig: Setting CVar [[r.RenderTargetPoolMin:400]]
[2022.11.17-17.20.38:115][  0]LogConfig: Setting CVar [[r.LensFlareQuality:2]]
[2022.11.17-17.20.38:115][  0]LogConfig: Setting CVar [[r.SceneColorFringeQuality:1]]
[2022.11.17-17.20.38:115][  0]LogConfig: Setting CVar [[r.EyeAdaptationQuality:2]]
[2022.11.17-17.20.38:115][  0]LogConfig: Setting CVar [[r.BloomQuality:5]]
[2022.11.17-17.20.38:115][  0]LogConfig: Setting CVar [[r.FastBlurThreshold:100]]
[2022.11.17-17.20.38:115][  0]LogConfig: Setting CVar [[r.Upscale.Quality:3]]
[2022.11.17-17.20.38:115][  0]LogConfig: Setting CVar [[r.Tonemapper.GrainQuantization:1]]
[2022.11.17-17.20.38:115][  0]LogConfig: Setting CVar [[r.LightShaftQuality:1]]
[2022.11.17-17.20.38:115][  0]LogConfig: Setting CVar [[r.Filter.SizeScale:1]]
[2022.11.17-17.20.38:115][  0]LogConfig: Setting CVar [[r.Tonemapper.Quality:5]]
[2022.11.17-17.20.38:115][  0]LogConfig: Setting CVar [[r.DOF.Gather.AccumulatorQuality:1        ; higher gathering accumulator quality]]
[2022.11.17-17.20.38:115][  0]LogConfig: Setting CVar [[r.DOF.Gather.PostfilterMethod:1          ; Median3x3 postfilering method]]
[2022.11.17-17.20.38:115][  0]LogConfig: Setting CVar [[r.DOF.Gather.EnableBokehSettings:0       ; no bokeh simulation when gathering]]
[2022.11.17-17.20.38:115][  0]LogConfig: Setting CVar [[r.DOF.Gather.RingCount:4                 ; medium number of samples when gathering]]
[2022.11.17-17.20.38:115][  0]LogConfig: Setting CVar [[r.DOF.Scatter.ForegroundCompositing:1    ; additive foreground scattering]]
[2022.11.17-17.20.38:115][  0]LogConfig: Setting CVar [[r.DOF.Scatter.BackgroundCompositing:2    ; additive background scattering]]
[2022.11.17-17.20.38:115][  0]LogConfig: Setting CVar [[r.DOF.Scatter.EnableBokehSettings:1      ; bokeh simulation when scattering]]
[2022.11.17-17.20.38:115][  0]LogConfig: Setting CVar [[r.DOF.Scatter.MaxSpriteRatio:0.1         ; only a maximum of 10% of scattered bokeh]]
[2022.11.17-17.20.38:115][  0]LogConfig: Setting CVar [[r.DOF.Recombine.Quality:1                ; cheap slight out of focus]]
[2022.11.17-17.20.38:115][  0]LogConfig: Setting CVar [[r.DOF.Recombine.EnableBokehSettings:0    ; no bokeh simulation on slight out of focus]]
[2022.11.17-17.20.38:115][  0]LogConfig: Setting CVar [[r.DOF.TemporalAAQuality:1                ; more stable temporal accumulation]]
[2022.11.17-17.20.38:115][  0]LogConfig: Setting CVar [[r.DOF.Kernel.MaxForegroundRadius:0.025]]
[2022.11.17-17.20.38:115][  0]LogConfig: Setting CVar [[r.DOF.Kernel.MaxBackgroundRadius:0.025]]
[2022.11.17-17.20.38:115][  0]LogConfig: Applying CVar settings from Section [TextureQuality@3] File [D:/gamebuuny/Saved/Config/Windows/Scalability.ini]
[2022.11.17-17.20.38:115][  0]LogConfig: Setting CVar [[r.Streaming.MipBias:0]]
[2022.11.17-17.20.38:115][  0]LogConfig: Setting CVar [[r.Streaming.AmortizeCPUToGPUCopy:0]]
[2022.11.17-17.20.38:115][  0]LogConfig: Setting CVar [[r.Streaming.MaxNumTexturesToStreamPerFrame:0]]
[2022.11.17-17.20.38:115][  0]LogConfig: Setting CVar [[r.Streaming.Boost:1]]
[2022.11.17-17.20.38:115][  0]LogConfig: Setting CVar [[r.MaxAnisotropy:8]]
[2022.11.17-17.20.38:115][  0]LogConfig: Setting CVar [[r.VT.MaxAnisotropy:8]]
[2022.11.17-17.20.38:115][  0]LogConfig: Setting CVar [[r.Streaming.LimitPoolSizeToVRAM:0]]
[2022.11.17-17.20.38:115][  0]LogConfig: Setting CVar [[r.Streaming.PoolSize:1000]]
[2022.11.17-17.20.38:115][  0]LogConfig: Setting CVar [[r.Streaming.MaxEffectiveScreenSize:0]]
[2022.11.17-17.20.38:115][  0]LogConfig: Applying CVar settings from Section [EffectsQuality@3] File [D:/gamebuuny/Saved/Config/Windows/Scalability.ini]
[2022.11.17-17.20.38:115][  0]LogConfig: Setting CVar [[r.TranslucencyLightingVolumeDim:64]]
[2022.11.17-17.20.38:115][  0]LogConfig: Setting CVar [[r.RefractionQuality:2]]
[2022.11.17-17.20.38:115][  0]LogConfig: Setting CVar [[r.SSR.Quality:3]]
[2022.11.17-17.20.38:115][  0]LogConfig: Setting CVar [[r.SSR.HalfResSceneColor:0]]
[2022.11.17-17.20.38:115][  0]LogConfig: Setting CVar [[r.SceneColorFormat:4]]
[2022.11.17-17.20.38:115][  0]LogConfig: Setting CVar [[r.DetailMode:2]]
[2022.11.17-17.20.38:115][  0]LogConfig: Setting CVar [[r.TranslucencyVolumeBlur:1]]
[2022.11.17-17.20.38:115][  0]LogConfig: Setting CVar [[r.MaterialQualityLevel:1 ; High quality]]
[2022.11.17-17.20.38:115][  0]LogConfig: Setting CVar [[r.AnisotropicMaterials:1]]
[2022.11.17-17.20.38:115][  0]LogConfig: Setting CVar [[r.SSS.Scale:1]]
[2022.11.17-17.20.38:115][  0]LogConfig: Setting CVar [[r.SSS.SampleSet:2]]
[2022.11.17-17.20.38:115][  0]LogConfig: Setting CVar [[r.SSS.Quality:1]]
[2022.11.17-17.20.38:115][  0]LogConfig: Setting CVar [[r.SSS.HalfRes:0]]
[2022.11.17-17.20.38:115][  0]LogConfig: Setting CVar [[r.SSGI.Quality:3]]
[2022.11.17-17.20.38:115][  0]LogConfig: Setting CVar [[r.EmitterSpawnRateScale:1.0]]
[2022.11.17-17.20.38:115][  0]LogConfig: Setting CVar [[r.ParticleLightQuality:2]]
[2022.11.17-17.20.38:115][  0]LogConfig: Setting CVar [[r.SkyAtmosphere.AerialPerspectiveLUT.FastApplyOnOpaque:1 ; Always have FastSkyLUT 1 in this case to avoid wrong sky]]
[2022.11.17-17.20.38:115][  0]LogConfig: Setting CVar [[r.SkyAtmosphere.AerialPerspectiveLUT.SampleCountMaxPerSlice:4]]
[2022.11.17-17.20.38:115][  0]LogConfig: Setting CVar [[r.SkyAtmosphere.AerialPerspectiveLUT.DepthResolution:16.0]]
[2022.11.17-17.20.38:115][  0]LogConfig: Setting CVar [[r.SkyAtmosphere.FastSkyLUT:1]]
[2022.11.17-17.20.38:115][  0]LogConfig: Setting CVar [[r.SkyAtmosphere.FastSkyLUT.SampleCountMin:4.0]]
[2022.11.17-17.20.38:115][  0]LogConfig: Setting CVar [[r.SkyAtmosphere.FastSkyLUT.SampleCountMax:128.0]]
[2022.11.17-17.20.38:115][  0]LogConfig: Setting CVar [[r.SkyAtmosphere.SampleCountMin:4.0]]
[2022.11.17-17.20.38:115][  0]LogConfig: Setting CVar [[r.SkyAtmosphere.SampleCountMax:128.0]]
[2022.11.17-17.20.38:115][  0]LogConfig: Setting CVar [[r.SkyAtmosphere.TransmittanceLUT.UseSmallFormat:0]]
[2022.11.17-17.20.38:115][  0]LogConfig: Setting CVar [[r.SkyAtmosphere.TransmittanceLUT.SampleCount:10.0]]
[2022.11.17-17.20.38:115][  0]LogConfig: Setting CVar [[r.SkyAtmosphere.MultiScatteringLUT.SampleCount:15.0]]
[2022.11.17-17.20.38:115][  0]LogConfig: Setting CVar [[r.SkyLight.RealTimeReflectionCapture:1]]
[2022.11.17-17.20.38:115][  0]LogConfig: Applying CVar settings from Section [FoliageQuality@3] File [D:/gamebuuny/Saved/Config/Windows/Scalability.ini]
[2022.11.17-17.20.38:115][  0]LogConfig: Setting CVar [[foliage.DensityScale:1.0]]
[2022.11.17-17.20.38:116][  0]LogConfig: Setting CVar [[grass.DensityScale:1.0]]
[2022.11.17-17.20.38:116][  0]LogConfig: Applying CVar settings from Section [ShadingQuality@3] File [D:/gamebuuny/Saved/Config/Windows/Scalability.ini]
[2022.11.17-17.20.38:116][  0]LogConfig: Setting CVar [[r.HairStrands.SkyLighting.IntegrationType:2]]
[2022.11.17-17.20.38:116][  0]LogConfig: Setting CVar [[r.HairStrands.SkyAO.SampleCount:4]]
[2022.11.17-17.20.38:116][  0]LogConfig: Setting CVar [[r.HairStrands.Visibility.MSAA.SamplePerPixel:4]]
[2022.11.17-17.20.38:116][  0]LogInit: Selected Device Profile: [Windows]
[2022.11.17-17.20.38:116][  0]LogInit: Applying CVar settings loaded from the selected device profile: [Windows]
[2022.11.17-17.20.38:116][  0]LogHAL: Display: Platform has ~ 16 GB [16993005568 / 17179869184 / 16], which maps to Larger [LargestMinGB=32, LargerMinGB=12, DefaultMinGB=8, SmallerMinGB=6, SmallestMinGB=0)
[2022.11.17-17.20.38:116][  0]LogInit: Going up to parent DeviceProfile []
[2022.11.17-17.20.38:116][  0]LogConfig: Applying CVar settings from Section [ViewDistanceQuality@3] File [D:/gamebuuny/Saved/Config/Windows/Scalability.ini]
[2022.11.17-17.20.38:116][  0]LogConfig: Setting CVar [[r.SkeletalMeshLODBias:0]]
[2022.11.17-17.20.38:116][  0]LogConfig: Setting CVar [[r.ViewDistanceScale:1.0]]
[2022.11.17-17.20.38:116][  0]LogConfig: Applying CVar settings from Section [AntiAliasingQuality@3] File [D:/gamebuuny/Saved/Config/Windows/Scalability.ini]
[2022.11.17-17.20.38:116][  0]LogConfig: Setting CVar [[r.PostProcessAAQuality:4]]
[2022.11.17-17.20.38:116][  0]LogConfig: Applying CVar settings from Section [ShadowQuality@3] File [D:/gamebuuny/Saved/Config/Windows/Scalability.ini]
[2022.11.17-17.20.38:116][  0]LogConfig: Setting CVar [[r.LightFunctionQuality:1]]
[2022.11.17-17.20.38:116][  0]LogConfig: Setting CVar [[r.ShadowQuality:5]]
[2022.11.17-17.20.38:116][  0]LogConfig: Setting CVar [[r.Shadow.CSM.MaxCascades:10]]
[2022.11.17-17.20.38:116][  0]LogConfig: Setting CVar [[r.Shadow.MaxResolution:2048]]
[2022.11.17-17.20.38:116][  0]LogConfig: Setting CVar [[r.Shadow.MaxCSMResolution:2048]]
[2022.11.17-17.20.38:116][  0]LogConfig: Setting CVar [[r.Shadow.RadiusThreshold:0.01]]
[2022.11.17-17.20.38:116][  0]LogConfig: Setting CVar [[r.Shadow.DistanceScale:1.0]]
[2022.11.17-17.20.38:116][  0]LogConfig: Setting CVar [[r.Shadow.CSM.TransitionScale:1.0]]
[2022.11.17-17.20.38:116][  0]LogConfig: Setting CVar [[r.Shadow.PreShadowResolutionFactor:1.0]]
[2022.11.17-17.20.38:116][  0]LogConfig: Setting CVar [[r.DistanceFieldShadowing:1]]
[2022.11.17-17.20.38:116][  0]LogConfig: Setting CVar [[r.DistanceFieldAO:1]]
[2022.11.17-17.20.38:116][  0]LogConfig: Setting CVar [[r.AOQuality:2]]
[2022.11.17-17.20.38:116][  0]LogConfig: Setting CVar [[r.VolumetricFog:1]]
[2022.11.17-17.20.38:116][  0]LogConfig: Setting CVar [[r.VolumetricFog.GridPixelSize:8]]
[2022.11.17-17.20.38:116][  0]LogConfig: Setting CVar [[r.VolumetricFog.GridSizeZ:128]]
[2022.11.17-17.20.38:116][  0]LogConfig: Setting CVar [[r.VolumetricFog.HistoryMissSupersampleCount:4]]
[2022.11.17-17.20.38:116][  0]LogConfig: Setting CVar [[r.LightMaxDrawDistanceScale:1]]
[2022.11.17-17.20.38:116][  0]LogConfig: Setting CVar [[r.CapsuleShadows:1]]
[2022.11.17-17.20.38:116][  0]LogConfig: Applying CVar settings from Section [PostProcessQuality@3] File [D:/gamebuuny/Saved/Config/Windows/Scalability.ini]
[2022.11.17-17.20.38:116][  0]LogConfig: Setting CVar [[r.MotionBlurQuality:4]]
[2022.11.17-17.20.38:116][  0]LogConfig: Setting CVar [[r.AmbientOcclusionMipLevelFactor:0.4]]
[2022.11.17-17.20.38:116][  0]LogConfig: Setting CVar [[r.AmbientOcclusionMaxQuality:100]]
[2022.11.17-17.20.38:116][  0]LogConfig: Setting CVar [[r.AmbientOcclusionLevels:-1]]
[2022.11.17-17.20.38:116][  0]LogConfig: Setting CVar [[r.AmbientOcclusionRadiusScale:1.0]]
[2022.11.17-17.20.38:116][  0]LogConfig: Setting CVar [[r.DepthOfFieldQuality:2]]
[2022.11.17-17.20.38:116][  0]LogConfig: Setting CVar [[r.RenderTargetPoolMin:400]]
[2022.11.17-17.20.38:116][  0]LogConfig: Setting CVar [[r.LensFlareQuality:2]]
[2022.11.17-17.20.38:116][  0]LogConfig: Setting CVar [[r.SceneColorFringeQuality:1]]
[2022.11.17-17.20.38:116][  0]LogConfig: Setting CVar [[r.EyeAdaptationQuality:2]]
[2022.11.17-17.20.38:116][  0]LogConfig: Setting CVar [[r.BloomQuality:5]]
[2022.11.17-17.20.38:116][  0]LogConfig: Setting CVar [[r.FastBlurThreshold:100]]
[2022.11.17-17.20.38:116][  0]LogConfig: Setting CVar [[r.Upscale.Quality:3]]
[2022.11.17-17.20.38:116][  0]LogConfig: Setting CVar [[r.Tonemapper.GrainQuantization:1]]
[2022.11.17-17.20.38:116][  0]LogConfig: Setting CVar [[r.LightShaftQuality:1]]
[2022.11.17-17.20.38:116][  0]LogConfig: Setting CVar [[r.Filter.SizeScale:1]]
[2022.11.17-17.20.38:116][  0]LogConfig: Setting CVar [[r.Tonemapper.Quality:5]]
[2022.11.17-17.20.38:116][  0]LogConfig: Setting CVar [[r.DOF.Gather.AccumulatorQuality:1        ; higher gathering accumulator quality]]
[2022.11.17-17.20.38:116][  0]LogConfig: Setting CVar [[r.DOF.Gather.PostfilterMethod:1          ; Median3x3 postfilering method]]
[2022.11.17-17.20.38:116][  0]LogConfig: Setting CVar [[r.DOF.Gather.EnableBokehSettings:0       ; no bokeh simulation when gathering]]
[2022.11.17-17.20.38:116][  0]LogConfig: Setting CVar [[r.DOF.Gather.RingCount:4                 ; medium number of samples when gathering]]
[2022.11.17-17.20.38:116][  0]LogConfig: Setting CVar [[r.DOF.Scatter.ForegroundCompositing:1    ; additive foreground scattering]]
[2022.11.17-17.20.38:116][  0]LogConfig: Setting CVar [[r.DOF.Scatter.BackgroundCompositing:2    ; additive background scattering]]
[2022.11.17-17.20.38:116][  0]LogConfig: Setting CVar [[r.DOF.Scatter.EnableBokehSettings:1      ; bokeh simulation when scattering]]
[2022.11.17-17.20.38:116][  0]LogConfig: Setting CVar [[r.DOF.Scatter.MaxSpriteRatio:0.1         ; only a maximum of 10% of scattered bokeh]]
[2022.11.17-17.20.38:116][  0]LogConfig: Setting CVar [[r.DOF.Recombine.Quality:1                ; cheap slight out of focus]]
[2022.11.17-17.20.38:116][  0]LogConfig: Setting CVar [[r.DOF.Recombine.EnableBokehSettings:0    ; no bokeh simulation on slight out of focus]]
[2022.11.17-17.20.38:116][  0]LogConfig: Setting CVar [[r.DOF.TemporalAAQuality:1                ; more stable temporal accumulation]]
[2022.11.17-17.20.38:116][  0]LogConfig: Setting CVar [[r.DOF.Kernel.MaxForegroundRadius:0.025]]
[2022.11.17-17.20.38:116][  0]LogConfig: Setting CVar [[r.DOF.Kernel.MaxBackgroundRadius:0.025]]
[2022.11.17-17.20.38:116][  0]LogConfig: Applying CVar settings from Section [TextureQuality@3] File [D:/gamebuuny/Saved/Config/Windows/Scalability.ini]
[2022.11.17-17.20.38:116][  0]LogConfig: Setting CVar [[r.Streaming.MipBias:0]]
[2022.11.17-17.20.38:116][  0]LogConfig: Setting CVar [[r.Streaming.AmortizeCPUToGPUCopy:0]]
[2022.11.17-17.20.38:116][  0]LogConfig: Setting CVar [[r.Streaming.MaxNumTexturesToStreamPerFrame:0]]
[2022.11.17-17.20.38:116][  0]LogConfig: Setting CVar [[r.Streaming.Boost:1]]
[2022.11.17-17.20.38:116][  0]LogConfig: Setting CVar [[r.MaxAnisotropy:8]]
[2022.11.17-17.20.38:116][  0]LogConfig: Setting CVar [[r.VT.MaxAnisotropy:8]]
[2022.11.17-17.20.38:116][  0]LogConfig: Setting CVar [[r.Streaming.LimitPoolSizeToVRAM:0]]
[2022.11.17-17.20.38:116][  0]LogConfig: Setting CVar [[r.Streaming.PoolSize:1000]]
[2022.11.17-17.20.38:116][  0]LogConfig: Setting CVar [[r.Streaming.MaxEffectiveScreenSize:0]]
[2022.11.17-17.20.38:116][  0]LogConfig: Applying CVar settings from Section [EffectsQuality@3] File [D:/gamebuuny/Saved/Config/Windows/Scalability.ini]
[2022.11.17-17.20.38:116][  0]LogConfig: Setting CVar [[r.TranslucencyLightingVolumeDim:64]]
[2022.11.17-17.20.38:116][  0]LogConfig: Setting CVar [[r.RefractionQuality:2]]
[2022.11.17-17.20.38:116][  0]LogConfig: Setting CVar [[r.SSR.Quality:3]]
[2022.11.17-17.20.38:116][  0]LogConfig: Setting CVar [[r.SSR.HalfResSceneColor:0]]
[2022.11.17-17.20.38:116][  0]LogConfig: Setting CVar [[r.SceneColorFormat:4]]
[2022.11.17-17.20.38:116][  0]LogConfig: Setting CVar [[r.DetailMode:2]]
[2022.11.17-17.20.38:116][  0]LogConfig: Setting CVar [[r.TranslucencyVolumeBlur:1]]
[2022.11.17-17.20.38:116][  0]LogConfig: Setting CVar [[r.MaterialQualityLevel:1 ; High quality]]
[2022.11.17-17.20.38:116][  0]LogConfig: Setting CVar [[r.AnisotropicMaterials:1]]
[2022.11.17-17.20.38:116][  0]LogConfig: Setting CVar [[r.SSS.Scale:1]]
[2022.11.17-17.20.38:116][  0]LogConfig: Setting CVar [[r.SSS.SampleSet:2]]
[2022.11.17-17.20.38:116][  0]LogConfig: Setting CVar [[r.SSS.Quality:1]]
[2022.11.17-17.20.38:116][  0]LogConfig: Setting CVar [[r.SSS.HalfRes:0]]
[2022.11.17-17.20.38:116][  0]LogConfig: Setting CVar [[r.SSGI.Quality:3]]
[2022.11.17-17.20.38:116][  0]LogConfig: Setting CVar [[r.EmitterSpawnRateScale:1.0]]
[2022.11.17-17.20.38:116][  0]LogConfig: Setting CVar [[r.ParticleLightQuality:2]]
[2022.11.17-17.20.38:117][  0]LogConfig: Setting CVar [[r.SkyAtmosphere.AerialPerspectiveLUT.FastApplyOnOpaque:1 ; Always have FastSkyLUT 1 in this case to avoid wrong sky]]
[2022.11.17-17.20.38:117][  0]LogConfig: Setting CVar [[r.SkyAtmosphere.AerialPerspectiveLUT.SampleCountMaxPerSlice:4]]
[2022.11.17-17.20.38:117][  0]LogConfig: Setting CVar [[r.SkyAtmosphere.AerialPerspectiveLUT.DepthResolution:16.0]]
[2022.11.17-17.20.38:117][  0]LogConfig: Setting CVar [[r.SkyAtmosphere.FastSkyLUT:1]]
[2022.11.17-17.20.38:117][  0]LogConfig: Setting CVar [[r.SkyAtmosphere.FastSkyLUT.SampleCountMin:4.0]]
[2022.11.17-17.20.38:117][  0]LogConfig: Setting CVar [[r.SkyAtmosphere.FastSkyLUT.SampleCountMax:128.0]]
[2022.11.17-17.20.38:117][  0]LogConfig: Setting CVar [[r.SkyAtmosphere.SampleCountMin:4.0]]
[2022.11.17-17.20.38:117][  0]LogConfig: Setting CVar [[r.SkyAtmosphere.SampleCountMax:128.0]]
[2022.11.17-17.20.38:117][  0]LogConfig: Setting CVar [[r.SkyAtmosphere.TransmittanceLUT.UseSmallFormat:0]]
[2022.11.17-17.20.38:117][  0]LogConfig: Setting CVar [[r.SkyAtmosphere.TransmittanceLUT.SampleCount:10.0]]
[2022.11.17-17.20.38:117][  0]LogConfig: Setting CVar [[r.SkyAtmosphere.MultiScatteringLUT.SampleCount:15.0]]
[2022.11.17-17.20.38:117][  0]LogConfig: Setting CVar [[r.SkyLight.RealTimeReflectionCapture:1]]
[2022.11.17-17.20.38:117][  0]LogConfig: Applying CVar settings from Section [FoliageQuality@3] File [D:/gamebuuny/Saved/Config/Windows/Scalability.ini]
[2022.11.17-17.20.38:117][  0]LogConfig: Setting CVar [[foliage.DensityScale:1.0]]
[2022.11.17-17.20.38:117][  0]LogConfig: Setting CVar [[grass.DensityScale:1.0]]
[2022.11.17-17.20.38:117][  0]LogConfig: Applying CVar settings from Section [ShadingQuality@3] File [D:/gamebuuny/Saved/Config/Windows/Scalability.ini]
[2022.11.17-17.20.38:117][  0]LogConfig: Setting CVar [[r.HairStrands.SkyLighting.IntegrationType:2]]
[2022.11.17-17.20.38:117][  0]LogConfig: Setting CVar [[r.HairStrands.SkyAO.SampleCount:4]]
[2022.11.17-17.20.38:117][  0]LogConfig: Setting CVar [[r.HairStrands.Visibility.MSAA.SamplePerPixel:4]]
[2022.11.17-17.20.38:117][  0]LogConfig: Applying CVar settings from Section [Startup] File [../../../Engine/Config/ConsoleVariables.ini]
[2022.11.17-17.20.38:117][  0]LogConfig: Setting CVar [[net.UseAdaptiveNetUpdateFrequency:0]]
[2022.11.17-17.20.38:117][  0]LogConfig: Setting CVar [[p.chaos.AllowCreatePhysxBodies:1]]
[2022.11.17-17.20.38:117][  0]LogConfig: Setting CVar [[fx.SkipVectorVMBackendOptimizations:1]]
[2022.11.17-17.20.38:117][  0]LogConfig: Applying CVar settings from Section [ConsoleVariables] File [D:/gamebuuny/Saved/Config/Windows/Engine.ini]
[2022.11.17-17.20.38:117][  0]LogConfig: Applying CVar settings from Section [ConsoleVariables] File [D:/gamebuuny/Saved/Config/Windows/Editor.ini]
[2022.11.17-17.20.38:117][  0]LogInit: Computer: MSI
[2022.11.17-17.20.38:117][  0]LogInit: User: temka
[2022.11.17-17.20.38:117][  0]LogInit: CPU Page size=4096, Cores=6
[2022.11.17-17.20.38:117][  0]LogInit: High frequency timer resolution =10.000000 MHz
[2022.11.17-17.20.38:117][  0]LogMemory: Memory total: Physical=15.8GB (16GB approx)
[2022.11.17-17.20.38:117][  0]LogMemory: Platform Memory Stats for Windows
[2022.11.17-17.20.38:117][  0]LogMemory: Process Physical Memory: 145.88 MB used, 145.88 MB peak
[2022.11.17-17.20.38:117][  0]LogMemory: Process Virtual Memory: 129.72 MB used, 129.72 MB peak
[2022.11.17-17.20.38:117][  0]LogMemory: Physical Memory: 7375.70 MB used,  8830.09 MB free, 16205.79 MB total
[2022.11.17-17.20.38:117][  0]LogMemory: Virtual Memory: 134206216.00 MB used,  11508.52 MB free, 134217728.00 MB total
[2022.11.17-17.20.38:121][  0]LogWindows: WindowsPlatformFeatures enabled
[2022.11.17-17.20.38:153][  0]LogInit: Physics initialised using underlying interface: PhysX
[2022.11.17-17.20.38:155][  0]LogInit: Using OS detected language (en-US).
[2022.11.17-17.20.38:155][  0]LogInit: Using OS detected locale (en-US).
[2022.11.17-17.20.38:158][  0]LogTextLocalizationManager: No specific localization for 'en-US' exists, so the 'en' localization will be used.
[2022.11.17-17.20.38:319][  0]LogInit: Setting process to per monitor DPI aware
[2022.11.17-17.20.38:328][  0]LogWindowsTextInputMethodSystem: Display: IME system deactivated.
[2022.11.17-17.20.38:339][  0]LogSlate: New Slate User Created.  User Index 0, Is Virtual User: 0
[2022.11.17-17.20.38:339][  0]LogSlate: Slate User Registered.  User Index 0, Is Virtual User: 0
[2022.11.17-17.20.38:460][  0]LogD3D11RHI: Loaded GFSDK_Aftermath_Lib.x64.dll
[2022.11.17-17.20.38:504][  0]LogHMD: Failed to initialize OpenVR with code 110
[2022.11.17-17.20.38:504][  0]LogD3D11RHI: D3D11 min allowed feature level: 11_0
[2022.11.17-17.20.38:504][  0]LogD3D11RHI: D3D11 max allowed feature level: 11_0
[2022.11.17-17.20.38:504][  0]LogD3D11RHI: D3D11 adapters:
[2022.11.17-17.20.38:607][  0]LogD3D11RHI:    0. 'NVIDIA GeForce GTX 1650 Ti with Max-Q Design' (Feature Level 11_0)
[2022.11.17-17.20.38:607][  0]LogD3D11RHI:       3962/0/8102 MB DedicatedVideo/DedicatedSystem/SharedSystem, Outputs:2, VendorId:0x10de
[2022.11.17-17.20.38:657][  0]LogD3D11RHI:    1. 'Intel(R) UHD Graphics' (Feature Level 11_0)
[2022.11.17-17.20.38:657][  0]LogD3D11RHI:       128/0/8102 MB DedicatedVideo/DedicatedSystem/SharedSystem, Outputs:0, VendorId:0x8086
[2022.11.17-17.20.38:660][  0]LogD3D11RHI:    2. 'Microsoft Basic Render Driver' (Feature Level 11_0)
[2022.11.17-17.20.38:660][  0]LogD3D11RHI:       0/0/8102 MB DedicatedVideo/DedicatedSystem/SharedSystem, Outputs:0, VendorId:0x1414
[2022.11.17-17.20.38:660][  0]LogD3D11RHI: Chosen D3D11 Adapter:
[2022.11.17-17.20.38:660][  0]LogD3D11RHI:     Description : NVIDIA GeForce GTX 1650 Ti with Max-Q Design
[2022.11.17-17.20.38:660][  0]LogD3D11RHI:     VendorId    : 10de
[2022.11.17-17.20.38:660][  0]LogD3D11RHI:     DeviceId    : 1f95
[2022.11.17-17.20.38:660][  0]LogD3D11RHI:     SubSysId    : 12bd1462
[2022.11.17-17.20.38:660][  0]LogD3D11RHI:     Revision    : 00a1
[2022.11.17-17.20.38:660][  0]LogD3D11RHI:     DedicatedVideoMemory : 4154458112 bytes
[2022.11.17-17.20.38:660][  0]LogD3D11RHI:     DedicatedSystemMemory : 0 bytes
[2022.11.17-17.20.38:660][  0]LogD3D11RHI:     SharedSystemMemory : 8496502784 bytes
[2022.11.17-17.20.38:660][  0]LogD3D11RHI:     AdapterLuid : 0 70125
[2022.11.17-17.20.38:666][  0]LogD3D11RHI: Creating new Direct3DDevice
[2022.11.17-17.20.38:666][  0]LogD3D11RHI:     GPU DeviceId: 0x1f95 (for the marketing name, search the web for "GPU Device Id")
[2022.11.17-17.20.38:666][  0]LogWindows: EnumDisplayDevices:
[2022.11.17-17.20.38:666][  0]LogWindows:    0. 'Intel(R) UHD Graphics' (P:1 D:1)
[2022.11.17-17.20.38:666][  0]LogWindows:    1. 'Intel(R) UHD Graphics' (P:0 D:1)
[2022.11.17-17.20.38:666][  0]LogWindows:    2. 'Intel(R) UHD Graphics' (P:0 D:0)
[2022.11.17-17.20.38:666][  0]LogWindows: DebugString: PrimaryIsNotTheChoosenAdapter PrimaryIsNotTheChoosenAdapter PrimaryIsNotTheChoosenAdapter FoundDriverCount:0 
[2022.11.17-17.20.38:666][  0]LogD3D11RHI:     Adapter Name: NVIDIA GeForce GTX 1650 Ti with Max-Q Design
[2022.11.17-17.20.38:666][  0]LogD3D11RHI:   Driver Version: Unknown (internal:Unknown, unified:Unknown)
[2022.11.17-17.20.38:666][  0]LogD3D11RHI:      Driver Date: Unknown
[2022.11.17-17.20.38:667][  0]LogRHI: Texture pool is 2773 MB (70% of 3962 MB)
[2022.11.17-17.20.38:667][  0]LogD3D11RHI: Creating D3DDevice using adapter:
[2022.11.17-17.20.38:667][  0]LogD3D11RHI:     Description : NVIDIA GeForce GTX 1650 Ti with Max-Q Design
[2022.11.17-17.20.38:667][  0]LogD3D11RHI:     VendorId    : 10de
[2022.11.17-17.20.38:667][  0]LogD3D11RHI:     DeviceId    : 1f95
[2022.11.17-17.20.38:667][  0]LogD3D11RHI:     SubSysId    : 12bd1462
[2022.11.17-17.20.38:667][  0]LogD3D11RHI:     Revision    : 00a1
[2022.11.17-17.20.38:667][  0]LogD3D11RHI:     DedicatedVideoMemory : 4154458112 bytes
[2022.11.17-17.20.38:667][  0]LogD3D11RHI:     DedicatedSystemMemory : 0 bytes
[2022.11.17-17.20.38:667][  0]LogD3D11RHI:     SharedSystemMemory : 8496502784 bytes
[2022.11.17-17.20.38:667][  0]LogD3D11RHI:     AdapterLuid : 0 70125
[2022.11.17-17.20.38:719][  0]LogD3D11RHI: RHI has support for 64 bit atomics
[2022.11.17-17.20.38:719][  0]LogD3D11RHI: Async texture creation enabled
[2022.11.17-17.20.38:719][  0]LogD3D11RHI: Array index from any shader is supported
[2022.11.17-17.20.38:733][  0]LogD3D11RHI: GPU Timing Frequency: 1000.000000 (Debug: 2 1)
[2022.11.17-17.20.38:771][  0]LogRHI: GeForceNow SDK initialized: 1
[2022.11.17-17.20.39:045][  0]LogTargetPlatformManager: Display: Loaded TargetPlatform 'AllDesktop'
[2022.11.17-17.20.39:064][  0]LogTargetPlatformManager: Display: Loaded TargetPlatform 'Android'
[2022.11.17-17.20.39:064][  0]LogTargetPlatformManager: Display: Loaded TargetPlatform 'Android_ASTC'
[2022.11.17-17.20.39:064][  0]LogTargetPlatformManager: Display: Loaded TargetPlatform 'Android_DXT'
[2022.11.17-17.20.39:064][  0]LogTargetPlatformManager: Display: Loaded TargetPlatform 'Android_ETC2'
[2022.11.17-17.20.39:064][  0]LogTargetPlatformManager: Display: Loaded TargetPlatform 'AndroidClient'
[2022.11.17-17.20.39:064][  0]LogTargetPlatformManager: Display: Loaded TargetPlatform 'Android_ASTCClient'
[2022.11.17-17.20.39:064][  0]LogTargetPlatformManager: Display: Loaded TargetPlatform 'Android_DXTClient'
[2022.11.17-17.20.39:064][  0]LogTargetPlatformManager: Display: Loaded TargetPlatform 'Android_ETC2Client'
[2022.11.17-17.20.39:064][  0]LogTargetPlatformManager: Display: Loaded TargetPlatform 'Android_Multi'
[2022.11.17-17.20.39:064][  0]LogTargetPlatformManager: Display: Loaded TargetPlatform 'Android_MultiClient'
[2022.11.17-17.20.39:081][  0]LogTargetPlatformManager: Display: Loaded TargetPlatform 'IOSClient'
[2022.11.17-17.20.39:081][  0]LogTargetPlatformManager: Display: Loaded TargetPlatform 'IOS'
[2022.11.17-17.20.39:089][  0]LogTargetPlatformManager: Display: Loaded TargetPlatform 'Linux'
[2022.11.17-17.20.39:093][  0]LogTargetPlatformManager: Display: Loaded TargetPlatform 'LinuxNoEditor'
[2022.11.17-17.20.39:097][  0]LogTargetPlatformManager: Display: Loaded TargetPlatform 'LinuxClient'
[2022.11.17-17.20.39:101][  0]LogTargetPlatformManager: Display: Loaded TargetPlatform 'LinuxServer'
[2022.11.17-17.20.39:109][  0]LogTargetPlatformManager: Display: Loaded TargetPlatform 'LinuxAArch64NoEditor'
[2022.11.17-17.20.39:113][  0]LogTargetPlatformManager: Display: Loaded TargetPlatform 'LinuxAArch64Client'
[2022.11.17-17.20.39:117][  0]LogTargetPlatformManager: Display: Loaded TargetPlatform 'LinuxAArch64Server'
[2022.11.17-17.20.39:137][  0]LogTargetPlatformManager: Display: Loaded TargetPlatform 'Lumin'
[2022.11.17-17.20.39:137][  0]LogTargetPlatformManager: Display: Loaded TargetPlatform 'LuminClient'
[2022.11.17-17.20.39:144][  0]LogTargetPlatformManager: Display: Loaded TargetPlatform 'MacNoEditor'
[2022.11.17-17.20.39:147][  0]LogTargetPlatformManager: Display: Loaded TargetPlatform 'Mac'
[2022.11.17-17.20.39:152][  0]LogTargetPlatformManager: Display: Loaded TargetPlatform 'MacClient'
[2022.11.17-17.20.39:156][  0]LogTargetPlatformManager: Display: Loaded TargetPlatform 'MacServer'
[2022.11.17-17.20.39:163][  0]LogTargetPlatformManager: Display: Loaded TargetPlatform 'TVOSClient'
[2022.11.17-17.20.39:163][  0]LogTargetPlatformManager: Display: Loaded TargetPlatform 'TVOS'
[2022.11.17-17.20.39:171][  0]LogTargetPlatformManager: Display: Loaded TargetPlatform 'WindowsNoEditor'
[2022.11.17-17.20.39:175][  0]LogTargetPlatformManager: Display: Loaded TargetPlatform 'Windows'
[2022.11.17-17.20.39:179][  0]LogTargetPlatformManager: Display: Loaded TargetPlatform 'WindowsClient'
[2022.11.17-17.20.39:183][  0]LogTargetPlatformManager: Display: Loaded TargetPlatform 'WindowsServer'
[2022.11.17-17.20.39:183][  0]LogTargetPlatformManager: Display: Building Assets For Windows
[2022.11.17-17.20.39:189][  0]LogAudioDebug: Display: Lib vorbis DLL was dynamically loaded.
[2022.11.17-17.20.39:215][  0]LogTextureFormatOodle: Display: Oodle Texture 2.9.0 init RDO Off
[2022.11.17-17.20.39:243][  0]LogRendererCore: Ray tracing is disabled. Reason: r.RayTracing=0.
[2022.11.17-17.20.39:243][  0]LogShaderCompilers: Guid format shader working directory is 33 characters bigger than the processId version (D:/gamebuuny/Intermediate/Shaders/WorkingDirectory/17368/).
[2022.11.17-17.20.39:243][  0]LogShaderCompilers: Cleaned the shader compiler working directory 'C:/Users/temka/AppData/Local/Temp/UnrealShaderWorkingDir/20DF49F9491D6A46011C2ABB7135A2C4/'.
[2022.11.17-17.20.39:243][  0]LogXGEController: Cannot use XGE Controller as Incredibuild is not installed on this machine.
[2022.11.17-17.20.39:243][  0]LogShaderCompilers: Cannot use XGE Shader Compiler as Incredibuild is not installed on this machine.
[2022.11.17-17.20.39:243][  0]LogShaderCompilers: Display: Using Local Shader Compiler.
[2022.11.17-17.20.39:922][  0]LogDerivedDataCache: Display: Max Cache Size: 512 MB
[2022.11.17-17.20.39:969][  0]LogDerivedDataCache: Loaded boot cache 0.05s 94MB C:/Users/temka/AppData/Local/UnrealEngine/4.27/DerivedDataCache/Boot.ddc.
[2022.11.17-17.20.39:969][  0]LogDerivedDataCache: Display: Loaded Boot cache: C:/Users/temka/AppData/Local/UnrealEngine/4.27/DerivedDataCache/Boot.ddc
[2022.11.17-17.20.39:969][  0]LogDerivedDataCache: FDerivedDataBackendGraph:  Pak pak cache file D:/gamebuuny/DerivedDataCache/DDC.ddp not found, will not use a pak cache.
[2022.11.17-17.20.39:969][  0]LogDerivedDataCache: Unable to find inner node Pak for hierarchical cache Hierarchy.
[2022.11.17-17.20.39:969][  0]LogDerivedDataCache: FDerivedDataBackendGraph:  CompressedPak pak cache file D:/gamebuuny/DerivedDataCache/Compressed.ddp not found, will not use a pak cache.
[2022.11.17-17.20.39:969][  0]LogDerivedDataCache: Unable to find inner node CompressedPak for hierarchical cache Hierarchy.
[2022.11.17-17.20.39:983][  0]LogDerivedDataCache: Display: Pak cache opened for reading ../../../Engine/DerivedDataCache/Compressed.ddp.
[2022.11.17-17.20.39:984][  0]LogDerivedDataCache: FDerivedDataBackendGraph:  EnterprisePak pak cache file ../../../Enterprise/DerivedDataCache/Compressed.ddp not found, will not use a pak cache.
[2022.11.17-17.20.39:984][  0]LogDerivedDataCache: Unable to find inner node EnterprisePak for hierarchical cache Hierarchy.
[2022.11.17-17.20.39:989][  0]LogDerivedDataCache: Speed tests for C:/Users/temka/AppData/Local/UnrealEngine/Common/DerivedDataCache took 0.01 seconds
[2022.11.17-17.20.39:989][  0]LogDerivedDataCache: Display: Performance to C:/Users/temka/AppData/Local/UnrealEngine/Common/DerivedDataCache: Latency=0.02ms. RandomReadSpeed=1455.14MBs, RandomWriteSpeed=220.28MBs. Assigned SpeedClass 'Local'
[2022.11.17-17.20.39:990][  0]LogDerivedDataCache: Using Local data cache path C:/Users/temka/AppData/Local/UnrealEngine/Common/DerivedDataCache: Writable
[2022.11.17-17.20.39:990][  0]LogDerivedDataCache: Shared data cache path not found in *engine.ini, will not use an Shared cache.
[2022.11.17-17.20.39:990][  0]LogDerivedDataCache: Unable to find inner node Shared for hierarchical cache Hierarchy.
[2022.11.17-17.20.40:032][  0]LogSlate: Using FreeType 2.10.0
[2022.11.17-17.20.40:033][  0]LogSlate: SlateFontServices - WITH_FREETYPE: 1, WITH_HARFBUZZ: 1
[2022.11.17-17.20.40:052][  0]LogAssetRegistry: FAssetRegistry took 0.0021 seconds to start up
[2022.11.17-17.20.40:271][  0]LogInit: Selected Device Profile: [Windows]
[2022.11.17-17.20.40:271][  0]LogInit: Active device profile: [00000267D92D7F00][00000267D1C69780 49] Windows
[2022.11.17-17.20.40:271][  0]LogInit: Profiles: [00000267D92D7F00][00000267D1C69780 49] Windows, [00000267D92EFF00][00000267D1CFF900 49] WindowsNoEditor, [00000267D92D4500][00000267D4707A80 49] WindowsServer, [00000267D92EC600][00000267D470BC00 49] WindowsClient, [00000267D92D7D00][00000267D470E200 49] IOS, [00000267D92EC100][00000267D1CFA340 49] iPadAir, [00000267D92D4200][00000267D4712480 49] iPadAir2, [00000267D9289200][00000267D471A6C0 49] IPadPro, [00000267D9289300][00000267D4716700 49] iPadAir3, [00000267D92D7B00][00000267CF142880 49] iPadAir4, [00000267D9288700][00000267CF146A00 49] iPadMini2, [00000267D92D4400][00000267CF14AB80 49] iPadMini3, [00000267D9289700][00000267CF14ED00 49] iPadMini4, [00000267D92D7A00][00000267CF152E80 49] iPadMini5, [00000267D92ED300][00000267CF15B140 49] iPhone6, [00000267D92ED400][00000267CF157180 49] iPodTouch6, [00000267D928BB00][00000267D6595440 49] iPhone7, [00000267D928BA00][00000267D6575480 49] iPodTouch7, [00000267D92EC900][00000267D6599600 49] iPhone5S, [00000267D9288C00][00000267D68A5780 49] iPhone6Plus, [00000267D92ED800][00000267D68A9900 49] iPhone6S, [00000267D928B800][00000267D68B1A80 49] iPhone6SPlus, [00000267D92ECC00][00000267D68C1C00 49] iPhone7Plus, [00000267D9289100][00000267D68C8200 49] iPhoneSE, [00000267D92EDA00][00000267DB130380 49] iPhone8, [00000267D928B600][00000267DB134500 49] iPhone8Plus, [00000267D92EC300][00000267D471E640 49] iPhoneX, [00000267D9288200][00000267DB13C780 49] iPhoneXS, [00000267D92EDE00][00000267DB1448C0 49] iPhoneXSMax, [00000267D928B100][00000267D68FEA40 49] iPhoneXR, [00000267D92EF900][00000267DB138BC0 49] iPhone11, [00000267D9289900][00000267D1CC0D40 49] iPhone11Pro, [00000267D92EE200][00000267D1CC4EC0 49] iPhone11ProMax, [00000267D928AD00][00000267D1CE9040 49] iPhoneSE2, [00000267D92EFB00][00000267CF1051C0 49] iPhone12Mini, [00000267D9289B00][00000267D46D7340 49] iPhone12, [00000267D92EE600][00000267D46DB4C0 49] iPhone12Pro, [00000267D9288500][00000267D46DF640 49] iPhone12ProMax, [00000267D92EF500][00000267CF1357C0 49] iPadPro105, [00000267D9289F00][00000267CF139940 49] iPadPro129, [00000267D92ED200][00000267CF13DAC0 49] iPadPro97, [00000267D9289000][00000267D89E60C0 49] iPadPro2_129, [00000267D92EED00][00000267D89EA240 49] iPad5, [00000267D928BC00][00000267D66063C0 49] iPad6, [00000267D92ED100][00000267D46E2540 49] iPad7, [00000267D9288900][00000267D46E66C0 49] iPad8, [00000267D92EEB00][00000267D68FA800 49] iPadPro11, [00000267D928A200][00000267D46EE940 49] iPadPro2_11, [00000267D92EE900][00000267D46F2A80 49] iPadPro3_129, [00000267D928A600][00000267D46F6BC0 49] iPadPro4_129, [00000267D92EEF00][00000267D46FED40 49] AppleTV, [00000267D928A500][00000267D8CE0EC0 49] AppleTV4K, [00000267D92ED600][00000267D8CE5040 49] TVOS, [00000267D928B400][00000267D8CE91C0 49] Mac, [00000267D92EE700][00000267D8CED340 49] MacClient, [00000267D928AE00][00000267DAEDB4C0 49] MacNoEditor, [00000267D92ECE00][00000267DAEED640 49] MacServer, [00000267D928BF00][00000267DAEF17C0 49] Linux, [00000267D92ED700][00000267DAEF5940 49] LinuxAArch64, [00000267D928B900][00000267DAEF9AC0 49] LinuxNoEditor, [00000267D92EC800][00000267DAEFC0C0 49] LinuxAArch64NoEditor, [00000267D928BD00][00000267D8D2C240 49] LinuxClient, [00000267D92EEC00][00000267D8D303C0 49] LinuxAArch64Client, [00000267D9289C00][00000267D8D34540 49] LinuxServer, [00000267D92EDF00][00000267D8D386C0 49] LinuxAArch64Server, [00000267D928A900][00000267D8D3C840 49] Android, [00000267D92EDB00][00000267D46FA980 49] Android_Low, [00000267D928A400][00000267DAF00AC0 49] Android_Mid, [00000267D92EF800][00000267DAF04C00 49] Android_High, [00000267D928AF00][00000267DAF1ED40 49] Android_Default, [00000267D92ECD00][00000267CF0F0EC0 49] Android_Adreno4xx, [00000267D92D4600][00000267CF0F5040 49] Android_Adreno5xx_Low, [00000267D937A900][00000267CF0F91C0 49] Android_Adreno5xx, [00000267D92D4C00][00000267D1CC9340 49] Android_Adreno6xx, [00000267D9378600][00000267D1CCD4C0 49] Android_Adreno6xx_Vulkan, [00000267D92D5500][00000267D1CD1640 49] Android_Mali_T6xx, [00000267D9379200][00000267D1CD57C0 49] Android_Mali_T7xx, [00000267D92D6A00][00000267D1CDD940 49] Android_Mali_T8xx, [00000267D937A200][00000267D1CE1AC0 49] Android_Mali_G71, [00000267D92D5900][00000267D1CE40C0 49] Android_Mali_G72, [00000267D9378B00][00000267D46B6240 49] Android_Mali_G72_Vulkan, [00000267D92D6400][00000267D46BA3C0 49] Android_Mali_G76, [00000267D9379F00][00000267D46BE540 49] Android_Mali_G76_Vulkan, [00000267D92D4900][00000267D46C26C0 49] Android_Mali_G77, [00000267D9378900][00000267D46C6840 49] Android_Mali_G77_Vulkan, [00000267D92D4100][00000267D46CA9C0 49] Android_Mali_G78, [00000267D937A500][00000267DB6B6B40 49] Android_Mali_G78_Vulkan, [00000267D92D6D00][00000267CF0ECC80 49] Android_Mali_G710, [00000267D9379800][00000267DB6BADC0 49] Android_Mali_G710_Vulkan, [00000267D92D5F00][00000267D1CD8F00 49] Android_Vulkan_SM5, [00000267D9378200][00000267DB6BF080 49] Android_PowerVR_G6xxx, [00000267D92D5D00][00000267DB6C3200 49] Android_PowerVR_GT7xxx, [00000267D9378100][00000267D661B380 49] Android_PowerVR_GE8xxx, [00000267D92EF100][00000267D6617500 49] Android_PowerVR_GM9xxx, [00000267D9378300][00000267D6613680 49] Android_PowerVR_GM9xxx_Vulkan, [00000267D92EEA00][00000267D660F800 49] Android_TegraK1, [00000267D9379700][00000267D660B980 49] Android_Unknown_Vulkan, [00000267D92EE100][00000267D690DB00 49] Lumin, [00000267D9379300][00000267DB140100 49] Lumin_Desktop, [00000267D92ECF00][00000267D1C6C280 49] HoloLens, 
[2022.11.17-17.20.40:392][  0]LogMeshReduction: Using QuadricMeshReduction for automatic static mesh reduction
[2022.11.17-17.20.40:392][  0]LogMeshReduction: Using SimplygonMeshReduction for automatic skeletal mesh reduction
[2022.11.17-17.20.40:392][  0]LogMeshReduction: Using ProxyLODMeshReduction for automatic mesh merging
[2022.11.17-17.20.40:392][  0]LogMeshReduction: No distributed automatic mesh merging module available
[2022.11.17-17.20.40:392][  0]LogMeshMerging: No distributed automatic mesh merging module available
[2022.11.17-17.20.40:404][  0]LogNetVersion: bunny 1.0.0, NetCL: 17155196, EngineNetVer: 17, GameNetVer: 0 (Checksum: 2584701293)
[2022.11.17-17.20.40:731][  0]LogTexture: Default maximum texture size for cubemaps generated from long-lat sources has been changed from 512 to unlimited. In order to preserve old behaiour for '/Engine/MapTemplates/Sky/DaylightAmbientCubemap.DaylightAmbientCubemap', its maximum texture size has been explicitly set to 512.
[2022.11.17-17.20.40:778][  0]LogHMD: PokeAHoleMaterial loaded successfully
[2022.11.17-17.20.40:784][  0]LogUObjectArray: 17178 objects as part of root set at end of initial load.
[2022.11.17-17.20.40:784][  0]LogUObjectAllocator: 4302048 out of 0 bytes used by permanent object pool.
[2022.11.17-17.20.40:784][  0]LogUObjectArray: CloseDisregardForGC: 0/0 objects in disregard for GC pool
[2022.11.17-17.20.41:014][  0]LogNiagaraDebuggerClient: Niagara Debugger Client Initialized | Session: 1B8BD0864AE629A5E97F17BC0147930A | Instance: 7D9B436347DDF6C2C91266A9A6AA58FC (MSI-17368).
[2022.11.17-17.20.41:044][  0]LogPython: Using Python 3.7.7
[2022.11.17-17.20.41:583][  0]LogTcpMessaging: Initializing TcpMessaging bridge
[2022.11.17-17.20.41:587][  0]LogUdpMessaging: Initializing bridge on interface 0.0.0.0:0 to multicast group 230.0.0.1:6666.
[2022.11.17-17.20.41:759][  0]SourceControl: Source control is disabled
[2022.11.17-17.20.41:759][  0]SourceControl: Source control is disabled
[2022.11.17-17.20.41:762][  0]SourceControl: Source control is disabled
[2022.11.17-17.20.41:768][  0]SourceControl: Source control is disabled
[2022.11.17-17.20.41:773][  0]LogUProjectInfo: Found projects:
[2022.11.17-17.20.41:779][  0]LogVSAccessor: Display: Unable to create Visual Studio setup instance: 80040154
[2022.11.17-17.20.41:780][  0]LogVSAccessor: Display: Unable to create Visual Studio setup instance: 80040154
[2022.11.17-17.20.41:780][  0]LogVSAccessor: Display: Unable to create Visual Studio setup instance: 80040154
[2022.11.17-17.20.41:783][  0]SourceControl: Source control is disabled
[2022.11.17-17.20.41:904][  0]LogOpenImageDenoise: OIDN starting up
[2022.11.17-17.20.41:940][  0]LogAndroidPermission: UAndroidPermissionCallbackProxy::GetInstance
[2022.11.17-17.20.41:959][  0]LogAudioCaptureCore: Display: No Audio Capture implementations found. Audio input will be silent.
[2022.11.17-17.20.41:959][  0]LogAudioCaptureCore: Display: No Audio Capture implementations found. Audio input will be silent.
[2022.11.17-17.20.42:066][  0]LogCollectionManager: Loaded 0 collections in 0.001529 seconds
[2022.11.17-17.20.42:086][  0]LogFileCache: Scanning file cache for directory 'D:/gamebuuny/Saved/Collections/' took 0.00s
[2022.11.17-17.20.42:086][  0]LogFileCache: Scanning file cache for directory 'D:/gamebuuny/Content/Developers/temka/Collections/' took 0.00s
[2022.11.17-17.20.42:086][  0]LogFileCache: Scanning file cache for directory 'D:/gamebuuny/Content/Collections/' took 0.00s
[2022.11.17-17.20.42:086][  0]LogOcInput: OculusInput pre-init called
[2022.11.17-17.20.42:306][  0]LogEngine: Initializing Engine...
[2022.11.17-17.20.42:309][  0]LogHMD: Failed to enumerate extensions. Please check that you have a valid OpenXR runtime installed.
[2022.11.17-17.20.42:309][  0]LogHMD: Failed to initialize OpenVR with code 110
[2022.11.17-17.20.42:309][  0]LogMagicLeap: Warning: VR disabled because ZI is not enabled.  To enable, in the editor, Edit -> Project Settings -> Plugins -> Magic Leap Plugin -> Enable Zero Iteration
[2022.11.17-17.20.42:310][  0]LogStats: UGameplayTagsManager::InitializeManager -  0.000 s
[2022.11.17-17.20.42:422][  0]LogInit: Initializing FReadOnlyCVARCache
[2022.11.17-17.20.42:430][  0]LogAIModule: Creating AISystem for world Untitled
[2022.11.17-17.20.42:437][  0]LogAudio: Display: Initializing Audio Device Manager...
[2022.11.17-17.20.42:440][  0]LogAudio: Display: Loading Default Audio Settings Objects...
[2022.11.17-17.20.42:441][  0]LogAudio: Display: No default SoundConcurrencyObject specified (or failed to load).
[2022.11.17-17.20.42:441][  0]LogAudio: Display: Audio Device Manager Initialized
[2022.11.17-17.20.42:441][  0]LogAudio: Display: Creating Audio Device:                 Id: 1, Scope: Shared, Realtime: True
[2022.11.17-17.20.42:441][  0]LogAudioMixer: Display: Audio Mixer Platform Settings:
[2022.11.17-17.20.42:441][  0]LogAudioMixer: Display: 	Sample Rate:						  48000
[2022.11.17-17.20.42:441][  0]LogAudioMixer: Display: 	Callback Buffer Frame Size Requested: 1024
[2022.11.17-17.20.42:442][  0]LogAudioMixer: Display: 	Callback Buffer Frame Size To Use:	  1024
[2022.11.17-17.20.42:442][  0]LogAudioMixer: Display: 	Number of buffers to queue:			  2
[2022.11.17-17.20.42:442][  0]LogAudioMixer: Display: 	Max Channels (voices):				  32
[2022.11.17-17.20.42:442][  0]LogAudioMixer: Display: 	Number of Async Source Workers:		  0
[2022.11.17-17.20.42:442][  0]LogAudio: Display: AudioDevice MaxSources: 32
[2022.11.17-17.20.42:442][  0]LogAudio: Display: Audio Spatialization Plugin: None (built-in).
[2022.11.17-17.20.42:442][  0]LogAudio: Display: Audio Reverb Plugin: None (built-in).
[2022.11.17-17.20.42:442][  0]LogAudio: Display: Audio Occlusion Plugin: None (built-in).
[2022.11.17-17.20.42:442][  0]LogAudioMixer: Display: Initializing audio mixer.
[2022.11.17-17.20.42:454][  0]LogAudioMixer: Display: 0: FrontLeft
[2022.11.17-17.20.42:454][  0]LogAudioMixer: Display: 1: FrontRight
[2022.11.17-17.20.42:483][  0]LogAudioMixer: Display: Using Audio Device Realtek HD Audio 2nd output (Realtek(R) Audio)
[2022.11.17-17.20.42:486][  0]LogAudioMixer: Display: Initializing Sound Submixes...
[2022.11.17-17.20.42:488][  0]LogAudioMixer: Display: Creating Master Submix 'MasterSubmixDefault'
[2022.11.17-17.20.42:488][  0]LogAudioMixer: Display: Creating Master Submix 'MasterReverbSubmixDefault'
[2022.11.17-17.20.42:489][  0]LogAudioMixer: Display: Creating Master Submix 'MasterEQSubmixDefault'
[2022.11.17-17.20.42:489][  0]LogAudioMixer: FMixerPlatformXAudio2::StartAudioStream() called
[2022.11.17-17.20.42:489][  0]LogAudioMixer: Display: Output buffers initialized: Frames=1024, Channels=2, Samples=2048
[2022.11.17-17.20.42:490][  0]LogAudioMixer: Display: Starting AudioMixerPlatformInterface::RunInternal()
[2022.11.17-17.20.42:490][  0]LogAudioMixer: Display: FMixerPlatformXAudio2::SubmitBuffer() called for the first time
[2022.11.17-17.20.42:490][  0]LogInit: FAudioDevice initialized.
[2022.11.17-17.20.42:490][  0]LogAudio: Display: Audio Device (ID: 1) registered with world 'Untitled'.
[2022.11.17-17.20.42:490][  0]LogNetVersion: Set ProjectVersion to 1.0.0.0. Version Checksum will be recalculated on next use.
[2022.11.17-17.20.43:156][  0]LogDerivedDataCache: Saved boot cache 0.67s 94MB C:/Users/temka/AppData/Local/UnrealEngine/4.27/DerivedDataCache/Boot.ddc.
[2022.11.17-17.20.43:156][  0]LogInit: Texture streaming: Enabled
[2022.11.17-17.20.43:167][  0]LogAnalytics: Display: [UEEditor.Rocket.Release] APIServer = https://datarouter.ol.epicgames.com/. AppVersion = 4.27.2-18319896+++UE4+Release-4.27
[2022.11.17-17.20.43:170][  0]LogEngineSessionManager: EngineSessionManager initialized
[2022.11.17-17.20.43:170][  0]LogEditorSessionSummary: Verbose: Initializing EditorSessionSummaryWriter for editor session tracking
[2022.11.17-17.20.43:171][  0]LogEditorSessionSummary: EditorSessionSummaryWriter initialized
[2022.11.17-17.20.43:189][  0]LogInit: Transaction tracking system initialized
[2022.11.17-17.20.43:207][  0]BlueprintLog: New page: Editor Load
[2022.11.17-17.20.43:253][  0]LocalizationService: Localization service is disabled
[2022.11.17-17.20.43:271][  0]TimingProfiler: Initialize
[2022.11.17-17.20.43:271][  0]TimingProfiler: OnSessionChanged
[2022.11.17-17.20.43:271][  0]LoadingProfiler: Initialize
[2022.11.17-17.20.43:271][  0]LoadingProfiler: OnSessionChanged
[2022.11.17-17.20.43:271][  0]NetworkingProfiler: Initialize
[2022.11.17-17.20.43:271][  0]NetworkingProfiler: OnSessionChanged
[2022.11.17-17.20.43:271][  0]MemoryProfiler: Initialize
[2022.11.17-17.20.43:271][  0]MemoryProfiler: OnSessionChanged
[2022.11.17-17.20.43:313][  0]LogVSAccessor: Display: Unable to create Visual Studio setup instance: 80040154
[2022.11.17-17.20.43:313][  0]LogVSAccessor: Display: Unable to create Visual Studio setup instance: 80040154
[2022.11.17-17.20.43:314][  0]LogVSAccessor: Display: Unable to create Visual Studio setup instance: 80040154
[2022.11.17-17.20.43:387][  0]LogCook: Display: CookSettings for Memory: MemoryMaxUsedVirtual 0MiB, MemoryMaxUsedPhysical 16384MiB, MemoryMinFreeVirtual 0MiB, MemoryMinFreePhysical 1024MiB
[2022.11.17-17.20.43:387][  0]LogCook: Display: Mobile HDR setting 1
[2022.11.17-17.20.43:537][  0]LogFileCache: Scanning file cache for directory 'D:/gamebuuny/Content/' took 0.00s
[2022.11.17-17.20.43:719][  0]LogInit: Display: Engine is initialized. Leaving FEngineLoop::Init()
[2022.11.17-17.20.43:723][  0]SourceControl: Source control is disabled
[2022.11.17-17.20.43:723][  0]LogUnrealEdMisc: Loading editor; pre map load, took 6.532
[2022.11.17-17.20.43:723][  0]Cmd: MAP LOAD FILE="D:/gamebuuny/Content/ThirdPersonBP/Maps/ThirdPersonExampleMap.umap" TEMPLATE=0 SHOWPROGRESS=1 FEATURELEVEL=3
[2022.11.17-17.20.43:723][  0]LogEditorServer: Warning: Can't find file 'D:/gamebuuny/Content/ThirdPersonBP/Maps/ThirdPersonExampleMap.umap'
[2022.11.17-17.20.43:723][  0]Cmd: MAP CHECKDEP NOCLEARLOG
[2022.11.17-17.20.43:723][  0]MapCheck: Map check complete: 0 Error(s), 0 Warning(s), took 0.079ms to complete.
[2022.11.17-17.20.43:723][  0]LogFileHelpers: Loading map 'ThirdPersonExampleMap' took 0.000
[2022.11.17-17.20.43:725][  0]LogUnrealEdMisc: Total Editor Startup Time, took 6.534
[2022.11.17-17.20.43:827][  0]LogSlate: Updating window title bar state: overlay mode, drag disabled, window buttons hidden, title bar hidden
[2022.11.17-17.20.43:834][  0]LogSlate: Updating window title bar state: overlay mode, drag disabled, window buttons hidden, title bar hidden
[2022.11.17-17.20.43:840][  0]LogSlate: Updating window title bar state: overlay mode, drag disabled, window buttons hidden, title bar hidden
[2022.11.17-17.20.43:846][  0]LogSlate: Updating window title bar state: overlay mode, drag disabled, window buttons hidden, title bar hidden
[2022.11.17-17.20.43:859][  0]LogNativeClassHierarchy: Verbose: Native class hierarchy populated in 0.0096 seconds. Added 3822 classes and 928 folders.
[2022.11.17-17.20.43:862][  0]LogNativeClassHierarchy: Verbose: Native class hierarchy updated for 'WidgetCarousel' in 0.0003 seconds. Added 0 classes and 0 folders.
[2022.11.17-17.20.43:863][  0]LogPakFile: PakFile PrimaryIndexSize=187
[2022.11.17-17.20.43:863][  0]LogPakFile: PakFile PathHashIndexSize=101
[2022.11.17-17.20.43:863][  0]LogPakFile: PakFile FullDirectoryIndexSize=148
[2022.11.17-17.20.43:863][  0]LogShaderLibrary: Display: ShaderCodeLibraryPakFileMountedCallback: PakFile 'C:/UE_4.27/FeaturePacks/FP_FirstPerson.upack' (chunk index -1, root 'root:/') mounted
[2022.11.17-17.20.43:863][  0]LogShaderLibrary: Display: ShaderCodeLibraryPakFileMountedCallback: pending pak file info (ChunkID:-1 Root:root:/ File:C:/UE_4.27/FeaturePacks/FP_FirstPerson.upack)
[2022.11.17-17.20.43:863][  0]LogPakFile: OnPakFileMounted2Time == 0.000062
[2022.11.17-17.20.43:863][  0]LogPakFile: PakFile PrimaryIndexSize=189
[2022.11.17-17.20.43:863][  0]LogPakFile: PakFile PathHashIndexSize=101
[2022.11.17-17.20.43:863][  0]LogPakFile: PakFile FullDirectoryIndexSize=152
[2022.11.17-17.20.43:863][  0]LogShaderLibrary: Display: ShaderCodeLibraryPakFileMountedCallback: PakFile 'C:/UE_4.27/FeaturePacks/FP_FirstPersonBP.upack' (chunk index -1, root 'root:/') mounted
[2022.11.17-17.20.43:863][  0]LogShaderLibrary: Display: ShaderCodeLibraryPakFileMountedCallback: pending pak file info (ChunkID:-1 Root:root:/ File:C:/UE_4.27/FeaturePacks/FP_FirstPersonBP.upack)
[2022.11.17-17.20.43:863][  0]LogPakFile: OnPakFileMounted2Time == 0.000038
[2022.11.17-17.20.43:864][  0]LogPakFile: PakFile PrimaryIndexSize=191
[2022.11.17-17.20.43:864][  0]LogPakFile: PakFile PathHashIndexSize=101
[2022.11.17-17.20.43:864][  0]LogPakFile: PakFile FullDirectoryIndexSize=160
[2022.11.17-17.20.43:864][  0]LogShaderLibrary: Display: ShaderCodeLibraryPakFileMountedCallback: PakFile 'C:/UE_4.27/FeaturePacks/MobileStarterContent.upack' (chunk index -1, root 'root:/') mounted
[2022.11.17-17.20.43:864][  0]LogShaderLibrary: Display: ShaderCodeLibraryPakFileMountedCallback: pending pak file info (ChunkID:-1 Root:root:/ File:C:/UE_4.27/FeaturePacks/MobileStarterContent.upack)
[2022.11.17-17.20.43:864][  0]LogPakFile: OnPakFileMounted2Time == 0.000032
[2022.11.17-17.20.43:864][  0]LogPakFile: PakFile PrimaryIndexSize=185
[2022.11.17-17.20.43:864][  0]LogPakFile: PakFile PathHashIndexSize=101
[2022.11.17-17.20.43:864][  0]LogPakFile: PakFile FullDirectoryIndexSize=148
[2022.11.17-17.20.43:864][  0]LogShaderLibrary: Display: ShaderCodeLibraryPakFileMountedCallback: PakFile 'C:/UE_4.27/FeaturePacks/StarterContent.upack' (chunk index -1, root 'root:/') mounted
[2022.11.17-17.20.43:864][  0]LogShaderLibrary: Display: ShaderCodeLibraryPakFileMountedCallback: pending pak file info (ChunkID:-1 Root:root:/ File:C:/UE_4.27/FeaturePacks/StarterContent.upack)
[2022.11.17-17.20.43:864][  0]LogPakFile: OnPakFileMounted2Time == 0.000037
[2022.11.17-17.20.43:865][  0]LogPakFile: PakFile PrimaryIndexSize=190
[2022.11.17-17.20.43:865][  0]LogPakFile: PakFile PathHashIndexSize=101
[2022.11.17-17.20.43:865][  0]LogPakFile: PakFile FullDirectoryIndexSize=154
[2022.11.17-17.20.43:865][  0]LogShaderLibrary: Display: ShaderCodeLibraryPakFileMountedCallback: PakFile 'C:/UE_4.27/FeaturePacks/TP_2DSideScroller.upack' (chunk index -1, root 'root:/') mounted
[2022.11.17-17.20.43:865][  0]LogShaderLibrary: Display: ShaderCodeLibraryPakFileMountedCallback: pending pak file info (ChunkID:-1 Root:root:/ File:C:/UE_4.27/FeaturePacks/TP_2DSideScroller.upack)
[2022.11.17-17.20.43:865][  0]LogPakFile: OnPakFileMounted2Time == 0.000037
[2022.11.17-17.20.43:865][  0]LogPakFile: PakFile PrimaryIndexSize=192
[2022.11.17-17.20.43:865][  0]LogPakFile: PakFile PathHashIndexSize=101
[2022.11.17-17.20.43:865][  0]LogPakFile: PakFile FullDirectoryIndexSize=158
[2022.11.17-17.20.43:865][  0]LogShaderLibrary: Display: ShaderCodeLibraryPakFileMountedCallback: PakFile 'C:/UE_4.27/FeaturePacks/TP_2DSideScrollerBP.upack' (chunk index -1, root 'root:/') mounted
[2022.11.17-17.20.43:865][  0]LogShaderLibrary: Display: ShaderCodeLibraryPakFileMountedCallback: pending pak file info (ChunkID:-1 Root:root:/ File:C:/UE_4.27/FeaturePacks/TP_2DSideScrollerBP.upack)
[2022.11.17-17.20.43:865][  0]LogPakFile: OnPakFileMounted2Time == 0.000036
[2022.11.17-17.20.43:866][  0]LogPakFile: PakFile PrimaryIndexSize=182
[2022.11.17-17.20.43:866][  0]LogPakFile: PakFile PathHashIndexSize=101
[2022.11.17-17.20.43:866][  0]LogPakFile: PakFile FullDirectoryIndexSize=138
[2022.11.17-17.20.43:866][  0]LogShaderLibrary: Display: ShaderCodeLibraryPakFileMountedCallback: PakFile 'C:/UE_4.27/FeaturePacks/TP_Flying.upack' (chunk index -1, root 'root:/') mounted
[2022.11.17-17.20.43:866][  0]LogShaderLibrary: Display: ShaderCodeLibraryPakFileMountedCallback: pending pak file info (ChunkID:-1 Root:root:/ File:C:/UE_4.27/FeaturePacks/TP_Flying.upack)
[2022.11.17-17.20.43:866][  0]LogPakFile: OnPakFileMounted2Time == 0.000033
[2022.11.17-17.20.43:866][  0]LogPakFile: PakFile PrimaryIndexSize=184
[2022.11.17-17.20.43:866][  0]LogPakFile: PakFile PathHashIndexSize=101
[2022.11.17-17.20.43:866][  0]LogPakFile: PakFile FullDirectoryIndexSize=142
[2022.11.17-17.20.43:866][  0]LogShaderLibrary: Display: ShaderCodeLibraryPakFileMountedCallback: PakFile 'C:/UE_4.27/FeaturePacks/TP_FlyingBP.upack' (chunk index -1, root 'root:/') mounted
[2022.11.17-17.20.43:866][  0]LogShaderLibrary: Display: ShaderCodeLibraryPakFileMountedCallback: pending pak file info (ChunkID:-1 Root:root:/ File:C:/UE_4.27/FeaturePacks/TP_FlyingBP.upack)
[2022.11.17-17.20.43:866][  0]LogPakFile: OnPakFileMounted2Time == 0.000033
[2022.11.17-17.20.43:867][  0]LogPakFile: PakFile PrimaryIndexSize=188
[2022.11.17-17.20.43:867][  0]LogPakFile: PakFile PathHashIndexSize=101
[2022.11.17-17.20.43:867][  0]LogPakFile: PakFile FullDirectoryIndexSize=150
[2022.11.17-17.20.43:867][  0]LogShaderLibrary: Display: ShaderCodeLibraryPakFileMountedCallback: PakFile 'C:/UE_4.27/FeaturePacks/TP_HandheldARBP.upack' (chunk index -1, root 'root:/') mounted
[2022.11.17-17.20.43:867][  0]LogShaderLibrary: Display: ShaderCodeLibraryPakFileMountedCallback: pending pak file info (ChunkID:-1 Root:root:/ File:C:/UE_4.27/FeaturePacks/TP_HandheldARBP.upack)
[2022.11.17-17.20.43:867][  0]LogPakFile: OnPakFileMounted2Time == 0.000034
[2022.11.17-17.20.43:868][  0]LogPakFile: PakFile PrimaryIndexSize=182
[2022.11.17-17.20.43:868][  0]LogPakFile: PakFile PathHashIndexSize=101
[2022.11.17-17.20.43:868][  0]LogPakFile: PakFile FullDirectoryIndexSize=138
[2022.11.17-17.20.43:868][  0]LogShaderLibrary: Display: ShaderCodeLibraryPakFileMountedCallback: PakFile 'C:/UE_4.27/FeaturePacks/TP_Puzzle.upack' (chunk index -1, root 'root:/') mounted
[2022.11.17-17.20.43:868][  0]LogShaderLibrary: Display: ShaderCodeLibraryPakFileMountedCallback: pending pak file info (ChunkID:-1 Root:root:/ File:C:/UE_4.27/FeaturePacks/TP_Puzzle.upack)
[2022.11.17-17.20.43:868][  0]LogPakFile: OnPakFileMounted2Time == 0.000038
[2022.11.17-17.20.43:868][  0]LogPakFile: PakFile PrimaryIndexSize=184
[2022.11.17-17.20.43:868][  0]LogPakFile: PakFile PathHashIndexSize=101
[2022.11.17-17.20.43:868][  0]LogPakFile: PakFile FullDirectoryIndexSize=142
[2022.11.17-17.20.43:868][  0]LogShaderLibrary: Display: ShaderCodeLibraryPakFileMountedCallback: PakFile 'C:/UE_4.27/FeaturePacks/TP_PuzzleBP.upack' (chunk index -1, root 'root:/') mounted
[2022.11.17-17.20.43:868][  0]LogShaderLibrary: Display: ShaderCodeLibraryPakFileMountedCallback: pending pak file info (ChunkID:-1 Root:root:/ File:C:/UE_4.27/FeaturePacks/TP_PuzzleBP.upack)
[2022.11.17-17.20.43:868][  0]LogPakFile: OnPakFileMounted2Time == 0.000038
[2022.11.17-17.20.43:869][  0]LogPakFile: PakFile PrimaryIndexSize=183
[2022.11.17-17.20.43:869][  0]LogPakFile: PakFile PathHashIndexSize=101
[2022.11.17-17.20.43:869][  0]LogPakFile: PakFile FullDirectoryIndexSize=140
[2022.11.17-17.20.43:869][  0]LogShaderLibrary: Display: ShaderCodeLibraryPakFileMountedCallback: PakFile 'C:/UE_4.27/FeaturePacks/TP_Rolling.upack' (chunk index -1, root 'root:/') mounted
[2022.11.17-17.20.43:869][  0]LogShaderLibrary: Display: ShaderCodeLibraryPakFileMountedCallback: pending pak file info (ChunkID:-1 Root:root:/ File:C:/UE_4.27/FeaturePacks/TP_Rolling.upack)
[2022.11.17-17.20.43:869][  0]LogPakFile: OnPakFileMounted2Time == 0.000033
[2022.11.17-17.20.43:869][  0]LogPakFile: PakFile PrimaryIndexSize=185
[2022.11.17-17.20.43:869][  0]LogPakFile: PakFile PathHashIndexSize=101
[2022.11.17-17.20.43:869][  0]LogPakFile: PakFile FullDirectoryIndexSize=144
[2022.11.17-17.20.43:869][  0]LogShaderLibrary: Display: ShaderCodeLibraryPakFileMountedCallback: PakFile 'C:/UE_4.27/FeaturePacks/TP_RollingBP.upack' (chunk index -1, root 'root:/') mounted
[2022.11.17-17.20.43:869][  0]LogShaderLibrary: Display: ShaderCodeLibraryPakFileMountedCallback: pending pak file info (ChunkID:-1 Root:root:/ File:C:/UE_4.27/FeaturePacks/TP_RollingBP.upack)
[2022.11.17-17.20.43:869][  0]LogPakFile: OnPakFileMounted2Time == 0.000034
[2022.11.17-17.20.43:870][  0]LogPakFile: PakFile PrimaryIndexSize=188
[2022.11.17-17.20.43:870][  0]LogPakFile: PakFile PathHashIndexSize=101
[2022.11.17-17.20.43:870][  0]LogPakFile: PakFile FullDirectoryIndexSize=150
[2022.11.17-17.20.43:870][  0]LogShaderLibrary: Display: ShaderCodeLibraryPakFileMountedCallback: PakFile 'C:/UE_4.27/FeaturePacks/TP_SideScroller.upack' (chunk index -1, root 'root:/') mounted
[2022.11.17-17.20.43:870][  0]LogShaderLibrary: Display: ShaderCodeLibraryPakFileMountedCallback: pending pak file info (ChunkID:-1 Root:root:/ File:C:/UE_4.27/FeaturePacks/TP_SideScroller.upack)
[2022.11.17-17.20.43:870][  0]LogPakFile: OnPakFileMounted2Time == 0.000034
[2022.11.17-17.20.43:870][  0]LogPakFile: PakFile PrimaryIndexSize=190
[2022.11.17-17.20.43:870][  0]LogPakFile: PakFile PathHashIndexSize=101
[2022.11.17-17.20.43:870][  0]LogPakFile: PakFile FullDirectoryIndexSize=154
[2022.11.17-17.20.43:870][  0]LogShaderLibrary: Display: ShaderCodeLibraryPakFileMountedCallback: PakFile 'C:/UE_4.27/FeaturePacks/TP_SideScrollerBP.upack' (chunk index -1, root 'root:/') mounted
[2022.11.17-17.20.43:870][  0]LogShaderLibrary: Display: ShaderCodeLibraryPakFileMountedCallback: pending pak file info (ChunkID:-1 Root:root:/ File:C:/UE_4.27/FeaturePacks/TP_SideScrollerBP.upack)
[2022.11.17-17.20.43:870][  0]LogPakFile: OnPakFileMounted2Time == 0.000034
[2022.11.17-17.20.43:871][  0]LogPakFile: PakFile PrimaryIndexSize=187
[2022.11.17-17.20.43:871][  0]LogPakFile: PakFile PathHashIndexSize=101
[2022.11.17-17.20.43:871][  0]LogPakFile: PakFile FullDirectoryIndexSize=148
[2022.11.17-17.20.43:871][  0]LogShaderLibrary: Display: ShaderCodeLibraryPakFileMountedCallback: PakFile 'C:/UE_4.27/FeaturePacks/TP_ThirdPerson.upack' (chunk index -1, root 'root:/') mounted
[2022.11.17-17.20.43:871][  0]LogShaderLibrary: Display: ShaderCodeLibraryPakFileMountedCallback: pending pak file info (ChunkID:-1 Root:root:/ File:C:/UE_4.27/FeaturePacks/TP_ThirdPerson.upack)
[2022.11.17-17.20.43:871][  0]LogPakFile: OnPakFileMounted2Time == 0.000038
[2022.11.17-17.20.43:871][  0]LogPakFile: PakFile PrimaryIndexSize=189
[2022.11.17-17.20.43:871][  0]LogPakFile: PakFile PathHashIndexSize=101
[2022.11.17-17.20.43:871][  0]LogPakFile: PakFile FullDirectoryIndexSize=152
[2022.11.17-17.20.43:871][  0]LogShaderLibrary: Display: ShaderCodeLibraryPakFileMountedCallback: PakFile 'C:/UE_4.27/FeaturePacks/TP_ThirdPersonBP.upack' (chunk index -1, root 'root:/') mounted
[2022.11.17-17.20.43:871][  0]LogShaderLibrary: Display: ShaderCodeLibraryPakFileMountedCallback: pending pak file info (ChunkID:-1 Root:root:/ File:C:/UE_4.27/FeaturePacks/TP_ThirdPersonBP.upack)
[2022.11.17-17.20.43:871][  0]LogPakFile: OnPakFileMounted2Time == 0.000034
[2022.11.17-17.20.43:872][  0]LogPakFile: PakFile PrimaryIndexSize=183
[2022.11.17-17.20.43:872][  0]LogPakFile: PakFile PathHashIndexSize=101
[2022.11.17-17.20.43:872][  0]LogPakFile: PakFile FullDirectoryIndexSize=140
[2022.11.17-17.20.43:872][  0]LogShaderLibrary: Display: ShaderCodeLibraryPakFileMountedCallback: PakFile 'C:/UE_4.27/FeaturePacks/TP_TopDown.upack' (chunk index -1, root 'root:/') mounted
[2022.11.17-17.20.43:872][  0]LogShaderLibrary: Display: ShaderCodeLibraryPakFileMountedCallback: pending pak file info (ChunkID:-1 Root:root:/ File:C:/UE_4.27/FeaturePacks/TP_TopDown.upack)
[2022.11.17-17.20.43:872][  0]LogPakFile: OnPakFileMounted2Time == 0.000039
[2022.11.17-17.20.43:872][  0]LogPakFile: PakFile PrimaryIndexSize=185
[2022.11.17-17.20.43:872][  0]LogPakFile: PakFile PathHashIndexSize=101
[2022.11.17-17.20.43:872][  0]LogPakFile: PakFile FullDirectoryIndexSize=144
[2022.11.17-17.20.43:872][  0]LogShaderLibrary: Display: ShaderCodeLibraryPakFileMountedCallback: PakFile 'C:/UE_4.27/FeaturePacks/TP_TopDownBP.upack' (chunk index -1, root 'root:/') mounted
[2022.11.17-17.20.43:872][  0]LogShaderLibrary: Display: ShaderCodeLibraryPakFileMountedCallback: pending pak file info (ChunkID:-1 Root:root:/ File:C:/UE_4.27/FeaturePacks/TP_TopDownBP.upack)
[2022.11.17-17.20.43:872][  0]LogPakFile: OnPakFileMounted2Time == 0.000034
[2022.11.17-17.20.43:872][  0]LogPakFile: PakFile PrimaryIndexSize=185
[2022.11.17-17.20.43:872][  0]LogPakFile: PakFile PathHashIndexSize=101
[2022.11.17-17.20.43:872][  0]LogPakFile: PakFile FullDirectoryIndexSize=144
[2022.11.17-17.20.43:873][  0]LogShaderLibrary: Display: ShaderCodeLibraryPakFileMountedCallback: PakFile 'C:/UE_4.27/FeaturePacks/TP_TwinStick.upack' (chunk index -1, root 'root:/') mounted
[2022.11.17-17.20.43:873][  0]LogShaderLibrary: Display: ShaderCodeLibraryPakFileMountedCallback: pending pak file info (ChunkID:-1 Root:root:/ File:C:/UE_4.27/FeaturePacks/TP_TwinStick.upack)
[2022.11.17-17.20.43:873][  0]LogPakFile: OnPakFileMounted2Time == 0.000034
[2022.11.17-17.20.43:873][  0]LogPakFile: PakFile PrimaryIndexSize=187
[2022.11.17-17.20.43:873][  0]LogPakFile: PakFile PathHashIndexSize=101
[2022.11.17-17.20.43:873][  0]LogPakFile: PakFile FullDirectoryIndexSize=148
[2022.11.17-17.20.43:873][  0]LogShaderLibrary: Display: ShaderCodeLibraryPakFileMountedCallback: PakFile 'C:/UE_4.27/FeaturePacks/TP_TwinStickBP.upack' (chunk index -1, root 'root:/') mounted
[2022.11.17-17.20.43:873][  0]LogShaderLibrary: Display: ShaderCodeLibraryPakFileMountedCallback: pending pak file info (ChunkID:-1 Root:root:/ File:C:/UE_4.27/FeaturePacks/TP_TwinStickBP.upack)
[2022.11.17-17.20.43:873][  0]LogPakFile: OnPakFileMounted2Time == 0.000034
[2022.11.17-17.20.43:873][  0]LogPakFile: PakFile PrimaryIndexSize=183
[2022.11.17-17.20.43:873][  0]LogPakFile: PakFile PathHashIndexSize=101
[2022.11.17-17.20.43:873][  0]LogPakFile: PakFile FullDirectoryIndexSize=140
[2022.11.17-17.20.43:873][  0]LogShaderLibrary: Display: ShaderCodeLibraryPakFileMountedCallback: PakFile 'C:/UE_4.27/FeaturePacks/TP_Vehicle.upack' (chunk index -1, root 'root:/') mounted
[2022.11.17-17.20.43:873][  0]LogShaderLibrary: Display: ShaderCodeLibraryPakFileMountedCallback: pending pak file info (ChunkID:-1 Root:root:/ File:C:/UE_4.27/FeaturePacks/TP_Vehicle.upack)
[2022.11.17-17.20.43:874][  0]LogPakFile: OnPakFileMounted2Time == 0.000042
[2022.11.17-17.20.43:874][  0]LogPakFile: PakFile PrimaryIndexSize=186
[2022.11.17-17.20.43:874][  0]LogPakFile: PakFile PathHashIndexSize=101
[2022.11.17-17.20.43:874][  0]LogPakFile: PakFile FullDirectoryIndexSize=146
[2022.11.17-17.20.43:874][  0]LogShaderLibrary: Display: ShaderCodeLibraryPakFileMountedCallback: PakFile 'C:/UE_4.27/FeaturePacks/TP_VehicleAdv.upack' (chunk index -1, root 'root:/') mounted
[2022.11.17-17.20.43:874][  0]LogShaderLibrary: Display: ShaderCodeLibraryPakFileMountedCallback: pending pak file info (ChunkID:-1 Root:root:/ File:C:/UE_4.27/FeaturePacks/TP_VehicleAdv.upack)
[2022.11.17-17.20.43:874][  0]LogPakFile: OnPakFileMounted2Time == 0.000034
[2022.11.17-17.20.43:874][  0]LogPakFile: PakFile PrimaryIndexSize=188
[2022.11.17-17.20.43:874][  0]LogPakFile: PakFile PathHashIndexSize=101
[2022.11.17-17.20.43:874][  0]LogPakFile: PakFile FullDirectoryIndexSize=150
[2022.11.17-17.20.43:874][  0]LogShaderLibrary: Display: ShaderCodeLibraryPakFileMountedCallback: PakFile 'C:/UE_4.27/FeaturePacks/TP_VehicleAdvBP.upack' (chunk index -1, root 'root:/') mounted
[2022.11.17-17.20.43:875][  0]LogShaderLibrary: Display: ShaderCodeLibraryPakFileMountedCallback: pending pak file info (ChunkID:-1 Root:root:/ File:C:/UE_4.27/FeaturePacks/TP_VehicleAdvBP.upack)
[2022.11.17-17.20.43:875][  0]LogPakFile: OnPakFileMounted2Time == 0.000039
[2022.11.17-17.20.43:875][  0]LogPakFile: PakFile PrimaryIndexSize=185
[2022.11.17-17.20.43:875][  0]LogPakFile: PakFile PathHashIndexSize=101
[2022.11.17-17.20.43:875][  0]LogPakFile: PakFile FullDirectoryIndexSize=144
[2022.11.17-17.20.43:875][  0]LogShaderLibrary: Display: ShaderCodeLibraryPakFileMountedCallback: PakFile 'C:/UE_4.27/FeaturePacks/TP_VehicleBP.upack' (chunk index -1, root 'root:/') mounted
[2022.11.17-17.20.43:875][  0]LogShaderLibrary: Display: ShaderCodeLibraryPakFileMountedCallback: pending pak file info (ChunkID:-1 Root:root:/ File:C:/UE_4.27/FeaturePacks/TP_VehicleBP.upack)
[2022.11.17-17.20.43:875][  0]LogPakFile: OnPakFileMounted2Time == 0.000034
[2022.11.17-17.20.43:875][  0]LogPakFile: PakFile PrimaryIndexSize=192
[2022.11.17-17.20.43:875][  0]LogPakFile: PakFile PathHashIndexSize=101
[2022.11.17-17.20.43:875][  0]LogPakFile: PakFile FullDirectoryIndexSize=158
[2022.11.17-17.20.43:875][  0]LogShaderLibrary: Display: ShaderCodeLibraryPakFileMountedCallback: PakFile 'C:/UE_4.27/FeaturePacks/TP_VirtualRealityBP.upack' (chunk index -1, root 'root:/') mounted
[2022.11.17-17.20.43:876][  0]LogShaderLibrary: Display: ShaderCodeLibraryPakFileMountedCallback: pending pak file info (ChunkID:-1 Root:root:/ File:C:/UE_4.27/FeaturePacks/TP_VirtualRealityBP.upack)
[2022.11.17-17.20.43:876][  0]LogPakFile: OnPakFileMounted2Time == 0.000036
[2022.11.17-17.20.43:919][  0]LogNativeClassHierarchy: Verbose: Native class hierarchy updated for 'AddContentDialog' in 0.0003 seconds. Added 0 classes and 0 folders.
[2022.11.17-17.20.43:920][  0]LogNativeClassHierarchy: Verbose: Native class hierarchy updated for 'SceneOutliner' in 0.0002 seconds. Added 2 classes and 0 folders.
[2022.11.17-17.20.44:003][  0]LogSlate: Took 0.000173 seconds to synchronously load lazily loaded font '../../../Engine/Content/Slate/Fonts/Roboto-Regular.ttf' (155K)
[2022.11.17-17.20.44:004][  0]LogSlate: Took 0.000141 seconds to synchronously load lazily loaded font '../../../Engine/Content/Editor/Slate/Fonts/FontAwesome.ttf' (139K)
[2022.11.17-17.20.44:005][  0]LogSlate: Took 0.000168 seconds to synchronously load lazily loaded font '../../../Engine/Content/Slate/Fonts/Roboto-Bold.ttf' (160K)
[2022.11.17-17.20.44:093][  0]LogRenderer: Reallocating scene render targets to support 964x392 Format 10 NumSamples 1 (Frame:1).
[2022.11.17-17.20.44:159][  0]LogNativeClassHierarchy: Verbose: Native class hierarchy updated for 'HierarchicalLODOutliner' in 0.0003 seconds. Added 0 classes and 0 folders.
[2022.11.17-17.20.44:159][  0]LogInput: Warning: Action Jump uses invalid key OculusGo_Left_Trigger_Click.
[2022.11.17-17.20.44:159][  0]LogInput: Warning: Action ResetVR uses invalid key OculusGo_Left_Trackpad_Click.
[2022.11.17-17.20.44:159][  0]LogInput: Warning: Use -RemoveInvalidKeys to remove instances of these keys from the action mapping.
[2022.11.17-17.20.44:159][  0]LogLoad: (Engine Initialization) Total time: 6.97 seconds
[2022.11.17-17.20.44:159][  0]LogLoad: (Engine Initialization) Total Blueprint compile time: 0.00 seconds
[2022.11.17-17.20.44:226][  0]LogContentStreaming: Texture pool size now 1000 MB
[2022.11.17-17.20.44:237][  1]LogAssetRegistry: Asset discovery search completed in 4.1863 seconds
[2022.11.17-17.20.44:244][  1]LogCollectionManager: Fixed up redirectors for 0 collections in 0.000003 seconds (updated 0 objects)
[2022.11.17-17.20.45:754][ 83]LogUObjectHash: Compacting FUObjectHashTables data took   0.75ms
[2022.11.17-17.20.45:760][ 83]LogSlate: Took 0.000121 seconds to synchronously load lazily loaded font '../../../Engine/Content/Slate/Fonts/Roboto-Light.ttf' (167K)
[2022.11.17-17.20.46:472][ 83]LogMaterial: Warning: MM_Master_Flora: Requesting an invalid TextureIndex! (4294967295 / 4)
[2022.11.17-17.20.46:472][ 83]LogAssetEditorSubsystem: Opening Asset editor for World /Game/ThirdPersonBP/Maps/buuny.buuny
[2022.11.17-17.20.46:472][ 83]Cmd: MAP LOAD FILE="D:/gamebuuny/Content/ThirdPersonBP/Maps/buuny.umap" TEMPLATE=0 SHOWPROGRESS=1 FEATURELEVEL=3
[2022.11.17-17.20.46:472][ 83]LightingResults: New page: Lighting Build
[2022.11.17-17.20.46:473][ 83]LogNativeClassHierarchy: Verbose: Native class hierarchy updated for 'StatsViewer' in 0.0003 seconds. Added 6 classes and 0 folders.
[2022.11.17-17.20.46:473][ 83]LoadErrors: New page: Loading map: buuny.umap
[2022.11.17-17.20.46:474][ 83]LogWorld: UWorld::CleanupWorld for Untitled, bSessionEnded=true, bCleanupResources=true
[2022.11.17-17.20.46:474][ 83]LogSlate: InvalidateAllWidgets triggered.  All widgets were invalidated
[2022.11.17-17.20.46:474][ 83]MapCheck: New page: Map Check
[2022.11.17-17.20.46:474][ 83]LightingResults: New page: Lighting Build
[2022.11.17-17.20.46:482][ 83]LogAudio: Display: Audio Device unregistered from world 'None'.
[2022.11.17-17.20.46:489][ 83]LogUObjectHash: Compacting FUObjectHashTables data took   1.14ms
[2022.11.17-17.20.46:490][ 83]LogAudio: Display: Audio Device (ID: 1) registered with world 'buuny'.
[2022.11.17-17.20.46:585][ 83]LogEditorServer: Finished looking for orphan Actors (0.000 secs)
[2022.11.17-17.20.46:585][ 83]LogAIModule: Creating AISystem for world buuny
[2022.11.17-17.20.46:598][ 83]LogUObjectHash: Compacting FUObjectHashTables data took   0.73ms
[2022.11.17-17.20.46:604][ 83]Cmd: MAP CHECKDEP NOCLEARLOG
[2022.11.17-17.20.46:604][ 83]MapCheck: Map check complete: 0 Error(s), 0 Warning(s), took 0.074ms to complete.
[2022.11.17-17.20.46:604][ 83]LogFileHelpers: Loading map 'buuny' took 0.132
[2022.11.17-17.20.47:630][139]LogTemp: Repeating last play command: Selected Viewport
[2022.11.17-17.20.47:634][139]LogPlayLevel: PlayLevel: No blueprints needed recompiling
[2022.11.17-17.20.47:634][139]PIE: New page: PIE session: buuny (Nov 18, 2022, 7:20:47 AM)
[2022.11.17-17.20.47:635][139]LogOnline: OSS: Creating online subsystem instance for: NULL
[2022.11.17-17.20.47:636][139]LogOnline: OSS: TryLoadSubsystemAndSetDefault: Loaded subsystem for module [NULL]
[2022.11.17-17.20.47:636][139]LogPlayLevel: Creating play world package: /Game/ThirdPersonBP/Maps/UEDPIE_0_buuny
[2022.11.17-17.20.47:653][139]LogPlayLevel: PIE: StaticDuplicateObject took: (0.016071s)
[2022.11.17-17.20.47:653][139]LogAIModule: Creating AISystem for world buuny
[2022.11.17-17.20.47:653][139]LogPlayLevel: PIE: World Init took: (0.000918s)
[2022.11.17-17.20.47:654][139]LogPlayLevel: PIE: Created PIE world by copying editor world from /Game/ThirdPersonBP/Maps/buuny.buuny to /Game/ThirdPersonBP/Maps/UEDPIE_0_buuny.buuny (0.017124s)
[2022.11.17-17.20.47:659][139]LogUObjectHash: Compacting FUObjectHashTables data took   0.61ms
[2022.11.17-17.20.47:661][139]LogAudio: Display: Creating Audio Device:                 Id: 2, Scope: Unique, Realtime: True
[2022.11.17-17.20.47:661][139]LogAudioMixer: Display: Audio Mixer Platform Settings:
[2022.11.17-17.20.47:661][139]LogAudioMixer: Display: 	Sample Rate:						  48000
[2022.11.17-17.20.47:661][139]LogAudioMixer: Display: 	Callback Buffer Frame Size Requested: 1024
[2022.11.17-17.20.47:661][139]LogAudioMixer: Display: 	Callback Buffer Frame Size To Use:	  1024
[2022.11.17-17.20.47:661][139]LogAudioMixer: Display: 	Number of buffers to queue:			  2
[2022.11.17-17.20.47:661][139]LogAudioMixer: Display: 	Max Channels (voices):				  32
[2022.11.17-17.20.47:661][139]LogAudioMixer: Display: 	Number of Async Source Workers:		  0
[2022.11.17-17.20.47:661][139]LogAudio: Display: AudioDevice MaxSources: 32
[2022.11.17-17.20.47:661][139]LogAudio: Display: Audio Spatialization Plugin: None (built-in).
[2022.11.17-17.20.47:661][139]LogAudio: Display: Audio Reverb Plugin: None (built-in).
[2022.11.17-17.20.47:661][139]LogAudio: Display: Audio Occlusion Plugin: None (built-in).
[2022.11.17-17.20.47:661][139]LogAudioMixer: Display: Initializing audio mixer.
[2022.11.17-17.20.47:663][139]LogAudioMixer: Display: 0: FrontLeft
[2022.11.17-17.20.47:663][139]LogAudioMixer: Display: 1: FrontRight
[2022.11.17-17.20.47:683][139]LogAudioMixer: Display: Using Audio Device Realtek HD Audio 2nd output (Realtek(R) Audio)
[2022.11.17-17.20.47:683][139]LogAudioMixer: Display: Initializing Sound Submixes...
[2022.11.17-17.20.47:683][139]LogAudioMixer: Display: Creating Master Submix 'MasterSubmixDefault'
[2022.11.17-17.20.47:683][139]LogAudioMixer: Display: Creating Master Submix 'MasterReverbSubmixDefault'
[2022.11.17-17.20.47:683][139]LogAudioMixer: Display: Creating Master Submix 'MasterEQSubmixDefault'
[2022.11.17-17.20.47:683][139]LogAudioMixer: FMixerPlatformXAudio2::StartAudioStream() called
[2022.11.17-17.20.47:683][139]LogAudioMixer: Display: Output buffers initialized: Frames=1024, Channels=2, Samples=2048
[2022.11.17-17.20.47:684][139]LogAudioMixer: Display: Starting AudioMixerPlatformInterface::RunInternal()
[2022.11.17-17.20.47:684][139]LogAudioMixer: Display: FMixerPlatformXAudio2::SubmitBuffer() called for the first time
[2022.11.17-17.20.47:684][139]LogInit: FAudioDevice initialized.
[2022.11.17-17.20.47:684][139]LogAudio: Display: Audio Device (ID: 2) registered with world 'buuny'.
[2022.11.17-17.20.47:691][139]LogLoad: Game class is 'ThirdPersonGameMode_C'
[2022.11.17-17.20.47:695][139]LogWorld: Bringing World /Game/ThirdPersonBP/Maps/UEDPIE_0_buuny.buuny up for play (max tick rate 60) at 2022.11.18-00.20.47
[2022.11.17-17.20.47:696][139]LogWorld: Bringing up level for play took: 0.004244
[2022.11.17-17.20.47:696][139]LogOnline: OSS: Creating online subsystem instance for: :Context_1
[2022.11.17-17.20.47:699][139]LogNativeClassHierarchy: Verbose: Native class hierarchy updated for 'MovieSceneCapture' in 0.0003 seconds. Added 20 classes and 0 folders.
[2022.11.17-17.20.47:700][139]PIE: Server logged in
[2022.11.17-17.20.47:701][139]PIE: Play in editor total start time 0.067 seconds.
[2022.11.17-17.20.52:777][441]LogSlate: Updating window title bar state: overlay mode, drag disabled, window buttons hidden, title bar hidden
[2022.11.17-17.20.52:777][441]LogWorld: BeginTearingDown for /Game/ThirdPersonBP/Maps/UEDPIE_0_buuny
[2022.11.17-17.20.52:778][441]LogWorld: UWorld::CleanupWorld for buuny, bSessionEnded=true, bCleanupResources=true
[2022.11.17-17.20.52:779][441]LogSlate: InvalidateAllWidgets triggered.  All widgets were invalidated
[2022.11.17-17.20.52:788][441]LogPlayLevel: Display: Shutting down PIE online subsystems
[2022.11.17-17.20.52:790][441]LogSlate: InvalidateAllWidgets triggered.  All widgets were invalidated
[2022.11.17-17.20.52:794][441]LogAudio: Display: Audio Device unregistered from world 'None'.
[2022.11.17-17.20.52:794][441]LogAudioMixer: FMixerPlatformXAudio2::StopAudioStream() called
[2022.11.17-17.20.52:795][441]LogAudioMixer: FMixerPlatformXAudio2::StopAudioStream() called
[2022.11.17-17.20.52:826][441]LogSlate: Updating window title bar state: overlay mode, drag disabled, window buttons hidden, title bar hidden
[2022.11.17-17.20.52:829][441]LogUObjectHash: Compacting FUObjectHashTables data took   0.79ms
[2022.11.17-17.20.52:845][442]LogPlayLevel: Display: Destroying online subsystem :Context_1
